{"meta": {"format": 3, "version": "7.14.1", "timestamp": "2026-06-21T12:30:29.824333", "branch_coverage": false, "show_contexts": false}, "files": {"paravis/__init__.py": {"executed_lines": [16, 19, 21, 22, 23, 24], "summary": {"covered_lines": 6, "num_statements": 6, "percent_covered": 100.0, "percent_covered_display": "100", "missing_lines": 0, "excluded_lines": 0, "percent_statements_covered": 100.0, "percent_statements_covered_display": "100"}, "missing_lines": [], "excluded_lines": [], "functions": {"__getattr__": {"executed_lines": [21, 22, 23, 24], "summary": {"covered_lines": 4, "num_statements": 4, "percent_covered": 100.0, "percent_covered_display": "100", "missing_lines": 0, "excluded_lines": 0, "percent_statements_covered": 100.0, "percent_statements_covered_display": "100"}, "missing_lines": [], "excluded_lines": [], "start_line": 19}, "": {"executed_lines": [16, 19], "summary": {"covered_lines": 2, "num_statements": 2, "percent_covered": 100.0, "percent_covered_display": "100", "missing_lines": 0, "excluded_lines": 0, "percent_statements_covered": 100.0, "percent_statements_covered_display": "100"}, "missing_lines": [], "excluded_lines": [], "start_line": 1}}, "classes": {"": {"executed_lines": [16, 19, 21, 22, 23, 24], "summary": {"covered_lines": 6, "num_statements": 6, "percent_covered": 100.0, "percent_covered_display": "100", "missing_lines": 0, "excluded_lines": 0, "percent_statements_covered": 100.0, "percent_statements_covered_display": "100"}, "missing_lines": [], "excluded_lines": [], "start_line": 1}}}, "paravis/__version__.py": {"executed_lines": [3, 4], "summary": {"covered_lines": 2, "num_statements": 2, "percent_covered": 100.0, "percent_covered_display": "100", "missing_lines": 0, "excluded_lines": 0, "percent_statements_covered": 100.0, "percent_statements_covered_display": "100"}, "missing_lines": [], "excluded_lines": [], "functions": {"": {"executed_lines": [3, 4], "summary": {"covered_lines": 2, "num_statements": 2, "percent_covered": 100.0, "percent_covered_display": "100", "missing_lines": 0, "excluded_lines": 0, "percent_statements_covered": 100.0, "percent_statements_covered_display": "100"}, "missing_lines": [], "excluded_lines": [], "start_line": 1}}, "classes": {"": {"executed_lines": [3, 4], "summary": {"covered_lines": 2, "num_statements": 2, "percent_covered": 100.0, "percent_covered_display": "100", "missing_lines": 0, "excluded_lines": 0, "percent_statements_covered": 100.0, "percent_statements_covered_display": "100"}, "missing_lines": [], "excluded_lines": [], "start_line": 1}}}, "paravis/api/__init__.py": {"executed_lines": [8, 9, 10, 12], "summary": {"covered_lines": 4, "num_statements": 4, "percent_covered": 100.0, "percent_covered_display": "100", "missing_lines": 0, "excluded_lines": 0, "percent_statements_covered": 100.0, "percent_statements_covered_display": "100"}, "missing_lines": [], "excluded_lines": [], "functions": {"": {"executed_lines": [8, 9, 10, 12], "summary": {"covered_lines": 4, "num_statements": 4, "percent_covered": 100.0, "percent_covered_display": "100", "missing_lines": 0, "excluded_lines": 0, "percent_statements_covered": 100.0, "percent_statements_covered_display": "100"}, "missing_lines": [], "excluded_lines": [], "start_line": 1}}, "classes": {"": {"executed_lines": [8, 9, 10, 12], "summary": {"covered_lines": 4, "num_statements": 4, "percent_covered": 100.0, "percent_covered_display": "100", "missing_lines": 0, "excluded_lines": 0, "percent_statements_covered": 100.0, "percent_statements_covered_display": "100"}, "missing_lines": [], "excluded_lines": [], "start_line": 1}}}, "paravis/api/indices.py": {"executed_lines": [6, 8, 10, 11, 20, 27, 30, 58, 59, 62, 65, 66, 69, 70, 71, 72, 78, 79, 82, 109, 110, 112, 113, 114, 116], "summary": {"covered_lines": 25, "num_statements": 25, "percent_covered": 100.0, "percent_covered_display": "100", "missing_lines": 0, "excluded_lines": 0, "percent_statements_covered": 100.0, "percent_statements_covered_display": "100"}, "missing_lines": [], "excluded_lines": [], "functions": {"list_available_indices": {"executed_lines": [27], "summary": {"covered_lines": 1, "num_statements": 1, "percent_covered": 100.0, "percent_covered_display": "100", "missing_lines": 0, "excluded_lines": 0, "percent_statements_covered": 100.0, "percent_statements_covered_display": "100"}, "missing_lines": [], "excluded_lines": [], "start_line": 20}, "compute_indices": {"executed_lines": [58, 59, 62, 65, 66, 69, 70, 71, 72, 78, 79], "summary": {"covered_lines": 11, "num_statements": 11, "percent_covered": 100.0, "percent_covered_display": "100", "missing_lines": 0, "excluded_lines": 0, "percent_statements_covered": 100.0, "percent_statements_covered_display": "100"}, "missing_lines": [], "excluded_lines": [], "start_line": 30}, "compute_index": {"executed_lines": [109, 110, 112, 113, 114, 116], "summary": {"covered_lines": 6, "num_statements": 6, "percent_covered": 100.0, "percent_covered_display": "100", "missing_lines": 0, "excluded_lines": 0, "percent_statements_covered": 100.0, "percent_statements_covered_display": "100"}, "missing_lines": [], "excluded_lines": [], "start_line": 82}, "": {"executed_lines": [6, 8, 10, 11, 20, 30, 82], "summary": {"covered_lines": 7, "num_statements": 7, "percent_covered": 100.0, "percent_covered_display": "100", "missing_lines": 0, "excluded_lines": 0, "percent_statements_covered": 100.0, "percent_statements_covered_display": "100"}, "missing_lines": [], "excluded_lines": [], "start_line": 1}}, "classes": {"": {"executed_lines": [6, 8, 10, 11, 20, 27, 30, 58, 59, 62, 65, 66, 69, 70, 71, 72, 78, 79, 82, 109, 110, 112, 113, 114, 116], "summary": {"covered_lines": 25, "num_statements": 25, "percent_covered": 100.0, "percent_covered_display": "100", "missing_lines": 0, "excluded_lines": 0, "percent_statements_covered": 100.0, "percent_statements_covered_display": "100"}, "missing_lines": [], "excluded_lines": [], "start_line": 1}}}, "paravis/api/raoq.py": {"executed_lines": [13, 15, 17, 18, 23, 26, 76, 87, 88, 89, 92, 93, 94, 96, 97, 98, 99, 100, 101, 103, 105], "summary": {"covered_lines": 21, "num_statements": 21, "percent_covered": 100.0, "percent_covered_display": "100", "missing_lines": 0, "excluded_lines": 0, "percent_statements_covered": 100.0, "percent_statements_covered_display": "100"}, "missing_lines": [], "excluded_lines": [], "functions": {"compute_rao_q": {"executed_lines": [76, 87, 88, 89, 92, 93, 94, 96, 97, 98, 99, 100, 101, 103, 105], "summary": {"covered_lines": 15, "num_statements": 15, "percent_covered": 100.0, "percent_covered_display": "100", "missing_lines": 0, "excluded_lines": 0, "percent_statements_covered": 100.0, "percent_statements_covered_display": "100"}, "missing_lines": [], "excluded_lines": [], "start_line": 26}, "": {"executed_lines": [13, 15, 17, 18, 23, 26], "summary": {"covered_lines": 6, "num_statements": 6, "percent_covered": 100.0, "percent_covered_display": "100", "missing_lines": 0, "excluded_lines": 0, "percent_statements_covered": 100.0, "percent_statements_covered_display": "100"}, "missing_lines": [], "excluded_lines": [], "start_line": 1}}, "classes": {"": {"executed_lines": [13, 15, 17, 18, 23, 26, 76, 87, 88, 89, 92, 93, 94, 96, 97, 98, 99, 100, 101, 103, 105], "summary": {"covered_lines": 21, "num_statements": 21, "percent_covered": 100.0, "percent_covered_display": "100", "missing_lines": 0, "excluded_lines": 0, "percent_statements_covered": 100.0, "percent_statements_covered_display": "100"}, "missing_lines": [], "excluded_lines": [], "start_line": 1}}}, "paravis/api/visualization.py": {"executed_lines": [6, 7, 9, 12, 37, 39, 40, 41, 43, 44, 45, 46, 47, 48, 49, 50, 51, 54, 76, 78, 79, 80, 82, 83, 84, 86, 87, 88, 89, 90, 91, 92, 94, 95], "summary": {"covered_lines": 34, "num_statements": 34, "percent_covered": 100.0, "percent_covered_display": "100", "missing_lines": 0, "excluded_lines": 0, "percent_statements_covered": 100.0, "percent_statements_covered_display": "100"}, "missing_lines": [], "excluded_lines": [], "functions": {"plot_raster": {"executed_lines": [37, 39, 40, 41, 43, 44, 45, 46, 47, 48, 49, 50, 51], "summary": {"covered_lines": 13, "num_statements": 13, "percent_covered": 100.0, "percent_covered_display": "100", "missing_lines": 0, "excluded_lines": 0, "percent_statements_covered": 100.0, "percent_statements_covered_display": "100"}, "missing_lines": [], "excluded_lines": [], "start_line": 12}, "plot_comparison": {"executed_lines": [76, 78, 79, 80, 82, 83, 84, 86, 87, 88, 89, 90, 91, 92, 94, 95], "summary": {"covered_lines": 16, "num_statements": 16, "percent_covered": 100.0, "percent_covered_display": "100", "missing_lines": 0, "excluded_lines": 0, "percent_statements_covered": 100.0, "percent_statements_covered_display": "100"}, "missing_lines": [], "excluded_lines": [], "start_line": 54}, "": {"executed_lines": [6, 7, 9, 12, 54], "summary": {"covered_lines": 5, "num_statements": 5, "percent_covered": 100.0, "percent_covered_display": "100", "missing_lines": 0, "excluded_lines": 0, "percent_statements_covered": 100.0, "percent_statements_covered_display": "100"}, "missing_lines": [], "excluded_lines": [], "start_line": 1}}, "classes": {"": {"executed_lines": [6, 7, 9, 12, 37, 39, 40, 41, 43, 44, 45, 46, 47, 48, 49, 50, 51, 54, 76, 78, 79, 80, 82, 83, 84, 86, 87, 88, 89, 90, 91, 92, 94, 95], "summary": {"covered_lines": 34, "num_statements": 34, "percent_covered": 100.0, "percent_covered_display": "100", "missing_lines": 0, "excluded_lines": 0, "percent_statements_covered": 100.0, "percent_statements_covered_display": "100"}, "missing_lines": [], "excluded_lines": [], "start_line": 1}}}, "paravis/core/__init__.py": {"executed_lines": [], "summary": {"covered_lines": 0, "num_statements": 0, "percent_covered": 100.0, "percent_covered_display": "100", "missing_lines": 0, "excluded_lines": 0, "percent_statements_covered": 100.0, "percent_statements_covered_display": "100"}, "missing_lines": [], "excluded_lines": [], "functions": {"": {"executed_lines": [], "summary": {"covered_lines": 0, "num_statements": 0, "percent_covered": 100.0, "percent_covered_display": "100", "missing_lines": 0, "excluded_lines": 0, "percent_statements_covered": 100.0, "percent_statements_covered_display": "100"}, "missing_lines": [], "excluded_lines": [], "start_line": 1}}, "classes": {"": {"executed_lines": [], "summary": {"covered_lines": 0, "num_statements": 0, "percent_covered": 100.0, "percent_covered_display": "100", "missing_lines": 0, "excluded_lines": 0, "percent_statements_covered": 100.0, "percent_statements_covered_display": "100"}, "missing_lines": [], "excluded_lines": [], "start_line": 1}}}, "paravis/core/indices/__init__.py": {"executed_lines": [3, 11, 12, 13, 15], "summary": {"covered_lines": 5, "num_statements": 5, "percent_covered": 100.0, "percent_covered_display": "100", "missing_lines": 0, "excluded_lines": 0, "percent_statements_covered": 100.0, "percent_statements_covered_display": "100"}, "missing_lines": [], "excluded_lines": [], "functions": {"": {"executed_lines": [3, 11, 12, 13, 15], "summary": {"covered_lines": 5, "num_statements": 5, "percent_covered": 100.0, "percent_covered_display": "100", "missing_lines": 0, "excluded_lines": 0, "percent_statements_covered": 100.0, "percent_statements_covered_display": "100"}, "missing_lines": [], "excluded_lines": [], "start_line": 1}}, "classes": {"": {"executed_lines": [3, 11, 12, 13, 15], "summary": {"covered_lines": 5, "num_statements": 5, "percent_covered": 100.0, "percent_covered_display": "100", "missing_lines": 0, "excluded_lines": 0, "percent_statements_covered": 100.0, "percent_statements_covered_display": "100"}, "missing_lines": [], "excluded_lines": [], "start_line": 1}}}, "paravis/core/indices/constants.py": {"executed_lines": [6, 8, 11, 19, 20, 21, 22, 23, 24, 25, 28, 46, 47, 48, 49, 50, 51, 52], "summary": {"covered_lines": 18, "num_statements": 18, "percent_covered": 100.0, "percent_covered_display": "100", "missing_lines": 0, "excluded_lines": 0, "percent_statements_covered": 100.0, "percent_statements_covered_display": "100"}, "missing_lines": [], "excluded_lines": [], "functions": {"get_default_constants": {"executed_lines": [19, 20, 21, 22, 23, 24, 25], "summary": {"covered_lines": 7, "num_statements": 7, "percent_covered": 100.0, "percent_covered_display": "100", "missing_lines": 0, "excluded_lines": 0, "percent_statements_covered": 100.0, "percent_statements_covered_display": "100"}, "missing_lines": [], "excluded_lines": [], "start_line": 11}, "merge_constants": {"executed_lines": [46, 47, 48, 49, 50, 51, 52], "summary": {"covered_lines": 7, "num_statements": 7, "percent_covered": 100.0, "percent_covered_display": "100", "missing_lines": 0, "excluded_lines": 0, "percent_statements_covered": 100.0, "percent_statements_covered_display": "100"}, "missing_lines": [], "excluded_lines": [], "start_line": 28}, "": {"executed_lines": [6, 8, 11, 28], "summary": {"covered_lines": 4, "num_statements": 4, "percent_covered": 100.0, "percent_covered_display": "100", "missing_lines": 0, "excluded_lines": 0, "percent_statements_covered": 100.0, "percent_statements_covered_display": "100"}, "missing_lines": [], "excluded_lines": [], "start_line": 1}}, "classes": {"": {"executed_lines": [6, 8, 11, 19, 20, 21, 22, 23, 24, 25, 28, 46, 47, 48, 49, 50, 51, 52], "summary": {"covered_lines": 18, "num_statements": 18, "percent_covered": 100.0, "percent_covered_display": "100", "missing_lines": 0, "excluded_lines": 0, "percent_statements_covered": 100.0, "percent_statements_covered_display": "100"}, "missing_lines": [], "excluded_lines": [], "start_line": 1}}}, "paravis/core/indices/engine.py": {"executed_lines": [6, 8, 9, 11, 18, 25, 26, 27, 28, 29, 30, 31, 32, 42, 45, 47, 50, 70, 71, 73, 74, 75, 76, 79, 80, 81, 86, 96, 103, 127, 130, 132, 133, 134, 138, 142, 143, 145, 146, 148, 149, 150, 151, 152, 155, 183, 186, 187, 188, 191, 192, 193, 194, 196, 201, 202, 203, 204, 206, 207, 208, 210, 211, 212, 213, 216, 217, 218, 220, 221, 222, 223, 232, 268, 269, 270, 273, 274, 275, 276, 278, 279, 286, 287, 289, 290, 291, 292, 295, 300, 302, 303, 304, 309, 310, 311, 312, 317, 318, 319, 321, 326, 328, 330, 332], "summary": {"covered_lines": 105, "num_statements": 112, "percent_covered": 93.75, "percent_covered_display": "94", "missing_lines": 7, "excluded_lines": 0, "percent_statements_covered": 93.75, "percent_statements_covered_display": "94"}, "missing_lines": [87, 88, 89, 91, 92, 93, 94], "excluded_lines": [], "functions": {"get_available_indices": {"executed_lines": [25, 26, 27, 28, 29, 30, 31, 32, 42], "summary": {"covered_lines": 9, "num_statements": 9, "percent_covered": 100.0, "percent_covered_display": "100", "missing_lines": 0, "excluded_lines": 0, "percent_statements_covered": 100.0, "percent_statements_covered_display": "100"}, "missing_lines": [], "excluded_lines": [], "start_line": 18}, "get_default_band_mapping": {"executed_lines": [47], "summary": {"covered_lines": 1, "num_statements": 1, "percent_covered": 100.0, "percent_covered_display": "100", "missing_lines": 0, "excluded_lines": 0, "percent_statements_covered": 100.0, "percent_statements_covered_display": "100"}, "missing_lines": [], "excluded_lines": [], "start_line": 45}, "is_index_computable": {"executed_lines": [70, 71, 73, 74, 75, 76, 79, 80, 81, 86, 96], "summary": {"covered_lines": 11, "num_statements": 18, "percent_covered": 61.111111111111114, "percent_covered_display": "61", "missing_lines": 7, "excluded_lines": 0, "percent_statements_covered": 61.111111111111114, "percent_statements_covered_display": "61"}, "missing_lines": [87, 88, 89, 91, 92, 93, 94], "excluded_lines": [], "start_line": 50}, "compute_index": {"executed_lines": [127, 130, 132, 133, 134, 138, 142, 143, 145, 146, 148, 149, 150, 151, 152], "summary": {"covered_lines": 15, "num_statements": 15, "percent_covered": 100.0, "percent_covered_display": "100", "missing_lines": 0, "excluded_lines": 0, "percent_statements_covered": 100.0, "percent_statements_covered_display": "100"}, "missing_lines": [], "excluded_lines": [], "start_line": 103}, "compute_indices": {"executed_lines": [183, 186, 187, 188, 191, 192, 193, 194, 196, 201, 202, 203, 204, 206, 207, 208, 210, 211, 212, 213, 216, 217, 218, 220, 221, 222, 223], "summary": {"covered_lines": 27, "num_statements": 27, "percent_covered": 100.0, "percent_covered_display": "100", "missing_lines": 0, "excluded_lines": 0, "percent_statements_covered": 100.0, "percent_statements_covered_display": "100"}, "missing_lines": [], "excluded_lines": [], "start_line": 155}, "compute_indices_dask": {"executed_lines": [268, 269, 270, 273, 274, 275, 276, 278, 279, 286, 287, 289, 290, 291, 292, 295, 300, 302, 303, 304, 309, 310, 311, 312, 317, 318, 319, 321, 326, 328, 330, 332], "summary": {"covered_lines": 32, "num_statements": 32, "percent_covered": 100.0, "percent_covered_display": "100", "missing_lines": 0, "excluded_lines": 0, "percent_statements_covered": 100.0, "percent_statements_covered_display": "100"}, "missing_lines": [], "excluded_lines": [], "start_line": 232}, "": {"executed_lines": [6, 8, 9, 11, 18, 45, 50, 103, 155, 232], "summary": {"covered_lines": 10, "num_statements": 10, "percent_covered": 100.0, "percent_covered_display": "100", "missing_lines": 0, "excluded_lines": 0, "percent_statements_covered": 100.0, "percent_statements_covered_display": "100"}, "missing_lines": [], "excluded_lines": [], "start_line": 1}}, "classes": {"": {"executed_lines": [6, 8, 9, 11, 18, 25, 26, 27, 28, 29, 30, 31, 32, 42, 45, 47, 50, 70, 71, 73, 74, 75, 76, 79, 80, 81, 86, 96, 103, 127, 130, 132, 133, 134, 138, 142, 143, 145, 146, 148, 149, 150, 151, 152, 155, 183, 186, 187, 188, 191, 192, 193, 194, 196, 201, 202, 203, 204, 206, 207, 208, 210, 211, 212, 213, 216, 217, 218, 220, 221, 222, 223, 232, 268, 269, 270, 273, 274, 275, 276, 278, 279, 286, 287, 289, 290, 291, 292, 295, 300, 302, 303, 304, 309, 310, 311, 312, 317, 318, 319, 321, 326, 328, 330, 332], "summary": {"covered_lines": 105, "num_statements": 112, "percent_covered": 93.75, "percent_covered_display": "94", "missing_lines": 7, "excluded_lines": 0, "percent_statements_covered": 93.75, "percent_statements_covered_display": "94"}, "missing_lines": [87, 88, 89, 91, 92, 93, 94], "excluded_lines": [], "start_line": 1}}}, "paravis/core/indices/models.py": {"executed_lines": [4, 5, 8, 9, 11, 12, 13, 14, 15, 16, 17, 18, 21, 22, 24, 25, 27, 28, 29, 34, 35, 36, 42, 43, 44, 49, 50, 52, 53], "summary": {"covered_lines": 29, "num_statements": 29, "percent_covered": 100.0, "percent_covered_display": "100", "missing_lines": 0, "excluded_lines": 0, "percent_statements_covered": 100.0, "percent_statements_covered_display": "100"}, "missing_lines": [], "excluded_lines": [], "functions": {"BandMapping.landsat_8_9": {"executed_lines": [29], "summary": {"covered_lines": 1, "num_statements": 1, "percent_covered": 100.0, "percent_covered_display": "100", "missing_lines": 0, "excluded_lines": 0, "percent_statements_covered": 100.0, "percent_statements_covered_display": "100"}, "missing_lines": [], "excluded_lines": [], "start_line": 28}, "BandMapping.sentinel2": {"executed_lines": [36], "summary": {"covered_lines": 1, "num_statements": 1, "percent_covered": 100.0, "percent_covered_display": "100", "missing_lines": 0, "excluded_lines": 0, "percent_statements_covered": 100.0, "percent_statements_covered_display": "100"}, "missing_lines": [], "excluded_lines": [], "start_line": 35}, "BandMapping.sentinel1": {"executed_lines": [44], "summary": {"covered_lines": 1, "num_statements": 1, "percent_covered": 100.0, "percent_covered_display": "100", "missing_lines": 0, "excluded_lines": 0, "percent_statements_covered": 100.0, "percent_statements_covered_display": "100"}, "missing_lines": [], "excluded_lines": [], "start_line": 43}, "BandMapping.get_code": {"executed_lines": [50], "summary": {"covered_lines": 1, "num_statements": 1, "percent_covered": 100.0, "percent_covered_display": "100", "missing_lines": 0, "excluded_lines": 0, "percent_statements_covered": 100.0, "percent_statements_covered_display": "100"}, "missing_lines": [], "excluded_lines": [], "start_line": 49}, "BandMapping.to_dict": {"executed_lines": [53], "summary": {"covered_lines": 1, "num_statements": 1, "percent_covered": 100.0, "percent_covered_display": "100", "missing_lines": 0, "excluded_lines": 0, "percent_statements_covered": 100.0, "percent_statements_covered_display": "100"}, "missing_lines": [], "excluded_lines": [], "start_line": 52}, "": {"executed_lines": [4, 5, 8, 9, 11, 12, 13, 14, 15, 16, 17, 18, 21, 22, 24, 25, 27, 28, 34, 35, 42, 43, 49, 52], "summary": {"covered_lines": 24, "num_statements": 24, "percent_covered": 100.0, "percent_covered_display": "100", "missing_lines": 0, "excluded_lines": 0, "percent_statements_covered": 100.0, "percent_statements_covered_display": "100"}, "missing_lines": [], "excluded_lines": [], "start_line": 1}}, "classes": {"SpectralIndex": {"executed_lines": [], "summary": {"covered_lines": 0, "num_statements": 0, "percent_covered": 100.0, "percent_covered_display": "100", "missing_lines": 0, "excluded_lines": 0, "percent_statements_covered": 100.0, "percent_statements_covered_display": "100"}, "missing_lines": [], "excluded_lines": [], "start_line": 9}, "BandMapping": {"executed_lines": [29, 36, 44, 50, 53], "summary": {"covered_lines": 5, "num_statements": 5, "percent_covered": 100.0, "percent_covered_display": "100", "missing_lines": 0, "excluded_lines": 0, "percent_statements_covered": 100.0, "percent_statements_covered_display": "100"}, "missing_lines": [], "excluded_lines": [], "start_line": 22}, "": {"executed_lines": [4, 5, 8, 9, 11, 12, 13, 14, 15, 16, 17, 18, 21, 22, 24, 25, 27, 28, 34, 35, 42, 43, 49, 52], "summary": {"covered_lines": 24, "num_statements": 24, "percent_covered": 100.0, "percent_covered_display": "100", "missing_lines": 0, "excluded_lines": 0, "percent_statements_covered": 100.0, "percent_statements_covered_display": "100"}, "missing_lines": [], "excluded_lines": [], "start_line": 1}}}, "paravis/core/indices/registry.py": {"executed_lines": [11, 13, 16, 19, 35, 36, 41, 42, 45, 47, 50, 68, 69, 71, 72, 73], "summary": {"covered_lines": 16, "num_statements": 16, "percent_covered": 100.0, "percent_covered_display": "100", "missing_lines": 0, "excluded_lines": 0, "percent_statements_covered": 100.0, "percent_statements_covered_display": "100"}, "missing_lines": [], "excluded_lines": [], "functions": {"register_index": {"executed_lines": [35, 42], "summary": {"covered_lines": 2, "num_statements": 2, "percent_covered": 100.0, "percent_covered_display": "100", "missing_lines": 0, "excluded_lines": 0, "percent_statements_covered": 100.0, "percent_statements_covered_display": "100"}, "missing_lines": [], "excluded_lines": [], "start_line": 19}, "register_index.decorator": {"executed_lines": [36, 41], "summary": {"covered_lines": 2, "num_statements": 2, "percent_covered": 100.0, "percent_covered_display": "100", "missing_lines": 0, "excluded_lines": 0, "percent_statements_covered": 100.0, "percent_statements_covered_display": "100"}, "missing_lines": [], "excluded_lines": [], "start_line": 35}, "list_custom_indices": {"executed_lines": [47], "summary": {"covered_lines": 1, "num_statements": 1, "percent_covered": 100.0, "percent_covered_display": "100", "missing_lines": 0, "excluded_lines": 0, "percent_statements_covered": 100.0, "percent_statements_covered_display": "100"}, "missing_lines": [], "excluded_lines": [], "start_line": 45}, "compute_custom_index": {"executed_lines": [68, 69, 71, 72, 73], "summary": {"covered_lines": 5, "num_statements": 5, "percent_covered": 100.0, "percent_covered_display": "100", "missing_lines": 0, "excluded_lines": 0, "percent_statements_covered": 100.0, "percent_statements_covered_display": "100"}, "missing_lines": [], "excluded_lines": [], "start_line": 50}, "": {"executed_lines": [11, 13, 16, 19, 45, 50], "summary": {"covered_lines": 6, "num_statements": 6, "percent_covered": 100.0, "percent_covered_display": "100", "missing_lines": 0, "excluded_lines": 0, "percent_statements_covered": 100.0, "percent_statements_covered_display": "100"}, "missing_lines": [], "excluded_lines": [], "start_line": 1}}, "classes": {"": {"executed_lines": [11, 13, 16, 19, 35, 36, 41, 42, 45, 47, 50, 68, 69, 71, 72, 73], "summary": {"covered_lines": 16, "num_statements": 16, "percent_covered": 100.0, "percent_covered_display": "100", "missing_lines": 0, "excluded_lines": 0, "percent_statements_covered": 100.0, "percent_statements_covered_display": "100"}, "missing_lines": [], "excluded_lines": [], "start_line": 1}}}, "paravis/core/models.py": {"executed_lines": [4, 5, 8, 9, 11, 12, 13, 14, 15, 16, 17, 20, 21, 23, 24, 25, 26], "summary": {"covered_lines": 17, "num_statements": 17, "percent_covered": 100.0, "percent_covered_display": "100", "missing_lines": 0, "excluded_lines": 0, "percent_statements_covered": 100.0, "percent_statements_covered_display": "100"}, "missing_lines": [], "excluded_lines": [], "functions": {"": {"executed_lines": [4, 5, 8, 9, 11, 12, 13, 14, 15, 16, 17, 20, 21, 23, 24, 25, 26], "summary": {"covered_lines": 17, "num_statements": 17, "percent_covered": 100.0, "percent_covered_display": "100", "missing_lines": 0, "excluded_lines": 0, "percent_statements_covered": 100.0, "percent_statements_covered_display": "100"}, "missing_lines": [], "excluded_lines": [], "start_line": 1}}, "classes": {"RasterProfile": {"executed_lines": [], "summary": {"covered_lines": 0, "num_statements": 0, "percent_covered": 100.0, "percent_covered_display": "100", "missing_lines": 0, "excluded_lines": 0, "percent_statements_covered": 100.0, "percent_statements_covered_display": "100"}, "missing_lines": [], "excluded_lines": [], "start_line": 9}, "WindowConfig": {"executed_lines": [], "summary": {"covered_lines": 0, "num_statements": 0, "percent_covered": 100.0, "percent_covered_display": "100", "missing_lines": 0, "excluded_lines": 0, "percent_statements_covered": 100.0, "percent_statements_covered_display": "100"}, "missing_lines": [], "excluded_lines": [], "start_line": 21}, "": {"executed_lines": [4, 5, 8, 9, 11, 12, 13, 14, 15, 16, 17, 20, 21, 23, 24, 25, 26], "summary": {"covered_lines": 17, "num_statements": 17, "percent_covered": 100.0, "percent_covered_display": "100", "missing_lines": 0, "excluded_lines": 0, "percent_statements_covered": 100.0, "percent_statements_covered_display": "100"}, "missing_lines": [], "excluded_lines": [], "start_line": 1}}}, "paravis/core/raoq/__init__.py": {"executed_lines": [3, 4, 6], "summary": {"covered_lines": 3, "num_statements": 3, "percent_covered": 100.0, "percent_covered_display": "100", "missing_lines": 0, "excluded_lines": 0, "percent_statements_covered": 100.0, "percent_statements_covered_display": "100"}, "missing_lines": [], "excluded_lines": [], "functions": {"": {"executed_lines": [3, 4, 6], "summary": {"covered_lines": 3, "num_statements": 3, "percent_covered": 100.0, "percent_covered_display": "100", "missing_lines": 0, "excluded_lines": 0, "percent_statements_covered": 100.0, "percent_statements_covered_display": "100"}, "missing_lines": [], "excluded_lines": [], "start_line": 1}}, "classes": {"": {"executed_lines": [3, 4, 6], "summary": {"covered_lines": 3, "num_statements": 3, "percent_covered": 100.0, "percent_covered_display": "100", "missing_lines": 0, "excluded_lines": 0, "percent_statements_covered": 100.0, "percent_statements_covered_display": "100"}, "missing_lines": [], "excluded_lines": [], "start_line": 1}}}, "paravis/core/raoq/engine.py": {"executed_lines": [23, 24, 25, 27, 28, 30, 41, 44, 53, 60, 85, 88, 89, 91, 92, 93, 94, 95, 96, 97, 98, 99, 101, 102, 103, 104, 105, 106, 107, 109, 110, 111, 112, 113, 115, 122, 155, 156, 157, 160, 161, 163, 164, 166, 167, 171, 172, 174, 182, 183, 184, 186, 193, 227, 228, 229, 231, 232, 235, 238, 239, 242, 243, 246, 249, 255, 256, 257, 258, 259, 260, 261, 264, 265, 266, 267, 269, 272, 305, 306, 308, 309, 310, 311, 313, 314, 318, 319, 321, 322, 323, 326, 332, 333, 336, 342, 343, 344, 347, 348, 353, 355, 356, 358, 361, 370, 371, 372, 373, 374, 375, 377, 378, 381, 382, 384, 385, 386, 387, 388, 391, 397, 398, 401, 407, 408, 409, 412, 413, 418, 420, 423, 452, 453, 455, 456, 457, 458, 463, 468, 470, 471, 476, 477, 478, 479, 480, 481, 482, 483, 485], "summary": {"covered_lines": 151, "num_statements": 152, "percent_covered": 99.34210526315789, "percent_covered_display": "99", "missing_lines": 1, "excluded_lines": 0, "percent_statements_covered": 99.34210526315789, "percent_statements_covered_display": "99"}, "missing_lines": [168], "excluded_lines": [], "functions": {"_init_worker": {"executed_lines": [53], "summary": {"covered_lines": 1, "num_statements": 1, "percent_covered": 100.0, "percent_covered_display": "100", "missing_lines": 0, "excluded_lines": 0, "percent_statements_covered": 100.0, "percent_statements_covered_display": "100"}, "missing_lines": [], "excluded_lines": [], "start_line": 44}, "_compute_pairwise_distances": {"executed_lines": [85, 88, 89, 91, 92, 93, 94, 95, 96, 97, 98, 99, 101, 102, 103, 104, 105, 106, 107, 109, 110, 111, 112, 113, 115], "summary": {"covered_lines": 25, "num_statements": 25, "percent_covered": 100.0, "percent_covered_display": "100", "missing_lines": 0, "excluded_lines": 0, "percent_statements_covered": 100.0, "percent_statements_covered_display": "100"}, "missing_lines": [], "excluded_lines": [], "start_line": 60}, "_build_padded_strip": {"executed_lines": [155, 156, 157, 160, 161, 163, 164, 166, 167, 171, 172, 174, 182, 183, 184, 186], "summary": {"covered_lines": 16, "num_statements": 17, "percent_covered": 94.11764705882354, "percent_covered_display": "94", "missing_lines": 1, "excluded_lines": 0, "percent_statements_covered": 94.11764705882354, "percent_statements_covered_display": "94"}, "missing_lines": [168], "excluded_lines": [], "start_line": 122}, "_compute_rao_q_window": {"executed_lines": [227, 228, 229, 231, 232, 235, 238, 239, 242, 243, 246, 249, 255, 256, 257, 258, 259, 260, 261, 264, 265, 266, 267, 269], "summary": {"covered_lines": 24, "num_statements": 24, "percent_covered": 100.0, "percent_covered_display": "100", "missing_lines": 0, "excluded_lines": 0, "percent_statements_covered": 100.0, "percent_statements_covered_display": "100"}, "missing_lines": [], "excluded_lines": [], "start_line": 193}, "compute_rao_q": {"executed_lines": [305, 306, 308, 309, 310, 311, 313, 314, 318, 319, 321, 322, 323, 326, 332, 333, 336, 342, 343, 344, 347, 348, 353, 355, 356, 358], "summary": {"covered_lines": 26, "num_statements": 26, "percent_covered": 100.0, "percent_covered_display": "100", "missing_lines": 0, "excluded_lines": 0, "percent_statements_covered": 100.0, "percent_statements_covered_display": "100"}, "missing_lines": [], "excluded_lines": [], "start_line": 272}, "_process_chunk": {"executed_lines": [370, 371, 372, 373, 374, 375, 377, 378, 381, 382, 384, 385, 386, 387, 388, 391, 397, 398, 401, 407, 408, 409, 412, 413, 418, 420], "summary": {"covered_lines": 26, "num_statements": 26, "percent_covered": 100.0, "percent_covered_display": "100", "missing_lines": 0, "excluded_lines": 0, "percent_statements_covered": 100.0, "percent_statements_covered_display": "100"}, "missing_lines": [], "excluded_lines": [], "start_line": 361}, "compute_rao_q_parallel": {"executed_lines": [452, 453, 455, 456, 457, 458, 463, 468, 470, 471, 476, 477, 478, 479, 480, 481, 482, 483, 485], "summary": {"covered_lines": 19, "num_statements": 19, "percent_covered": 100.0, "percent_covered_display": "100", "missing_lines": 0, "excluded_lines": 0, "percent_statements_covered": 100.0, "percent_statements_covered_display": "100"}, "missing_lines": [], "excluded_lines": [], "start_line": 423}, "": {"executed_lines": [23, 24, 25, 27, 28, 30, 41, 44, 60, 122, 193, 272, 361, 423], "summary": {"covered_lines": 14, "num_statements": 14, "percent_covered": 100.0, "percent_covered_display": "100", "missing_lines": 0, "excluded_lines": 0, "percent_statements_covered": 100.0, "percent_statements_covered_display": "100"}, "missing_lines": [], "excluded_lines": [], "start_line": 1}}, "classes": {"": {"executed_lines": [23, 24, 25, 27, 28, 30, 41, 44, 53, 60, 85, 88, 89, 91, 92, 93, 94, 95, 96, 97, 98, 99, 101, 102, 103, 104, 105, 106, 107, 109, 110, 111, 112, 113, 115, 122, 155, 156, 157, 160, 161, 163, 164, 166, 167, 171, 172, 174, 182, 183, 184, 186, 193, 227, 228, 229, 231, 232, 235, 238, 239, 242, 243, 246, 249, 255, 256, 257, 258, 259, 260, 261, 264, 265, 266, 267, 269, 272, 305, 306, 308, 309, 310, 311, 313, 314, 318, 319, 321, 322, 323, 326, 332, 333, 336, 342, 343, 344, 347, 348, 353, 355, 356, 358, 361, 370, 371, 372, 373, 374, 375, 377, 378, 381, 382, 384, 385, 386, 387, 388, 391, 397, 398, 401, 407, 408, 409, 412, 413, 418, 420, 423, 452, 453, 455, 456, 457, 458, 463, 468, 470, 471, 476, 477, 478, 479, 480, 481, 482, 483, 485], "summary": {"covered_lines": 151, "num_statements": 152, "percent_covered": 99.34210526315789, "percent_covered_display": "99", "missing_lines": 1, "excluded_lines": 0, "percent_statements_covered": 99.34210526315789, "percent_statements_covered_display": "99"}, "missing_lines": [168], "excluded_lines": [], "start_line": 1}}}, "paravis/core/raoq/gpu.py": {"executed_lines": [6, 7, 9, 11, 17, 18, 19, 21, 22, 24, 25, 28, 29, 364, 365, 366, 374, 376, 379, 387, 388, 390, 391, 392, 393, 394, 395, 396, 397, 398, 399, 400, 404, 414, 440, 441, 444, 445, 446, 448, 449, 451, 454, 455, 457, 458, 459, 460, 463, 470, 471, 474, 475, 479, 481, 485, 486, 488, 489, 490, 491, 493, 507, 508, 510, 511, 512, 513, 519, 525, 527, 532, 537, 538, 541, 545, 548, 551, 552, 554, 558, 566, 567, 568, 569, 570, 571, 572, 573, 574, 575, 578, 579, 580, 585, 588, 589, 590, 592, 593, 612, 613, 616, 617, 619, 620, 622, 625, 626, 627, 628, 629, 630, 631, 632, 633, 634, 635, 636], "summary": {"covered_lines": 119, "num_statements": 145, "percent_covered": 82.06896551724138, "percent_covered_display": "82", "missing_lines": 26, "excluded_lines": 0, "percent_statements_covered": 82.06896551724138, "percent_statements_covered_display": "82"}, "missing_lines": [367, 368, 370, 371, 494, 496, 497, 498, 557, 581, 582, 594, 595, 596, 597, 598, 599, 600, 601, 602, 603, 604, 605, 606, 607, 609], "excluded_lines": [], "functions": {"is_gpu_available": {"executed_lines": [376], "summary": {"covered_lines": 1, "num_statements": 1, "percent_covered": 100.0, "percent_covered_display": "100", "missing_lines": 0, "excluded_lines": 0, "percent_statements_covered": 100.0, "percent_statements_covered_display": "100"}, "missing_lines": [], "excluded_lines": [], "start_line": 374}, "get_gpu_info": {"executed_lines": [387, 388, 390, 391, 392, 393, 394, 395, 396, 397, 398, 399, 400], "summary": {"covered_lines": 13, "num_statements": 13, "percent_covered": 100.0, "percent_covered_display": "100", "missing_lines": 0, "excluded_lines": 0, "percent_statements_covered": 100.0, "percent_statements_covered_display": "100"}, "missing_lines": [], "excluded_lines": [], "start_line": 379}, "compute_rao_q_gpu": {"executed_lines": [440, 441, 444, 445, 446, 448, 449, 451, 454, 455, 457, 458, 459, 460, 463, 470, 471, 474, 475, 479, 481, 485, 486, 488, 489, 490, 491, 493, 507, 508, 510, 511, 512, 513, 519, 525, 527, 532, 537, 538, 541, 545, 548, 551, 552, 554, 558, 566, 567, 568, 569, 570, 571, 572, 573, 574, 575, 578, 579, 580, 585, 588, 589, 590, 592, 593, 612, 613, 616, 617, 619, 620, 622, 625, 626, 627, 628, 629, 630, 631, 632, 633, 634, 635, 636], "summary": {"covered_lines": 85, "num_statements": 107, "percent_covered": 79.4392523364486, "percent_covered_display": "79", "missing_lines": 22, "excluded_lines": 0, "percent_statements_covered": 79.4392523364486, "percent_statements_covered_display": "79"}, "missing_lines": [494, 496, 497, 498, 557, 581, 582, 594, 595, 596, 597, 598, 599, 600, 601, 602, 603, 604, 605, 606, 607, 609], "excluded_lines": [], "start_line": 414}, "": {"executed_lines": [6, 7, 9, 11, 17, 18, 19, 21, 22, 24, 25, 28, 29, 364, 365, 366, 374, 379, 404, 414], "summary": {"covered_lines": 20, "num_statements": 24, "percent_covered": 83.33333333333333, "percent_covered_display": "83", "missing_lines": 4, "excluded_lines": 0, "percent_statements_covered": 83.33333333333333, "percent_statements_covered_display": "83"}, "missing_lines": [367, 368, 370, 371], "excluded_lines": [], "start_line": 1}}, "classes": {"": {"executed_lines": [6, 7, 9, 11, 17, 18, 19, 21, 22, 24, 25, 28, 29, 364, 365, 366, 374, 376, 379, 387, 388, 390, 391, 392, 393, 394, 395, 396, 397, 398, 399, 400, 404, 414, 440, 441, 444, 445, 446, 448, 449, 451, 454, 455, 457, 458, 459, 460, 463, 470, 471, 474, 475, 479, 481, 485, 486, 488, 489, 490, 491, 493, 507, 508, 510, 511, 512, 513, 519, 525, 527, 532, 537, 538, 541, 545, 548, 551, 552, 554, 558, 566, 567, 568, 569, 570, 571, 572, 573, 574, 575, 578, 579, 580, 585, 588, 589, 590, 592, 593, 612, 613, 616, 617, 619, 620, 622, 625, 626, 627, 628, 629, 630, 631, 632, 633, 634, 635, 636], "summary": {"covered_lines": 119, "num_statements": 145, "percent_covered": 82.06896551724138, "percent_covered_display": "82", "missing_lines": 26, "excluded_lines": 0, "percent_statements_covered": 82.06896551724138, "percent_statements_covered_display": "82"}, "missing_lines": [367, 368, 370, 371, 494, 496, 497, 498, 557, 581, 582, 594, 595, 596, 597, 598, 599, 600, 601, 602, 603, 604, 605, 606, 607, 609], "excluded_lines": [], "start_line": 1}}}, "paravis/core/raoq/models.py": {"executed_lines": [4, 5, 7, 10, 11, 13, 14, 15, 16, 17, 18, 19, 20, 21, 22, 23, 24, 27, 28, 30, 31, 32, 33, 34, 35], "summary": {"covered_lines": 25, "num_statements": 25, "percent_covered": 100.0, "percent_covered_display": "100", "missing_lines": 0, "excluded_lines": 0, "percent_statements_covered": 100.0, "percent_statements_covered_display": "100"}, "missing_lines": [], "excluded_lines": [], "functions": {"": {"executed_lines": [4, 5, 7, 10, 11, 13, 14, 15, 16, 17, 18, 19, 20, 21, 22, 23, 24, 27, 28, 30, 31, 32, 33, 34, 35], "summary": {"covered_lines": 25, "num_statements": 25, "percent_covered": 100.0, "percent_covered_display": "100", "missing_lines": 0, "excluded_lines": 0, "percent_statements_covered": 100.0, "percent_statements_covered_display": "100"}, "missing_lines": [], "excluded_lines": [], "start_line": 1}}, "classes": {"RaoQConfig": {"executed_lines": [], "summary": {"covered_lines": 0, "num_statements": 0, "percent_covered": 100.0, "percent_covered_display": "100", "missing_lines": 0, "excluded_lines": 0, "percent_statements_covered": 100.0, "percent_statements_covered_display": "100"}, "missing_lines": [], "excluded_lines": [], "start_line": 11}, "RaoQResult": {"executed_lines": [], "summary": {"covered_lines": 0, "num_statements": 0, "percent_covered": 100.0, "percent_covered_display": "100", "missing_lines": 0, "excluded_lines": 0, "percent_statements_covered": 100.0, "percent_statements_covered_display": "100"}, "missing_lines": [], "excluded_lines": [], "start_line": 28}, "": {"executed_lines": [4, 5, 7, 10, 11, 13, 14, 15, 16, 17, 18, 19, 20, 21, 22, 23, 24, 27, 28, 30, 31, 32, 33, 34, 35], "summary": {"covered_lines": 25, "num_statements": 25, "percent_covered": 100.0, "percent_covered_display": "100", "missing_lines": 0, "excluded_lines": 0, "percent_statements_covered": 100.0, "percent_statements_covered_display": "100"}, "missing_lines": [], "excluded_lines": [], "start_line": 1}}}, "paravis/core/raster/__init__.py": {"executed_lines": [3, 4, 5, 7], "summary": {"covered_lines": 4, "num_statements": 4, "percent_covered": 100.0, "percent_covered_display": "100", "missing_lines": 0, "excluded_lines": 0, "percent_statements_covered": 100.0, "percent_statements_covered_display": "100"}, "missing_lines": [], "excluded_lines": [], "functions": {"": {"executed_lines": [3, 4, 5, 7], "summary": {"covered_lines": 4, "num_statements": 4, "percent_covered": 100.0, "percent_covered_display": "100", "missing_lines": 0, "excluded_lines": 0, "percent_statements_covered": 100.0, "percent_statements_covered_display": "100"}, "missing_lines": [], "excluded_lines": [], "start_line": 1}}, "classes": {"": {"executed_lines": [3, 4, 5, 7], "summary": {"covered_lines": 4, "num_statements": 4, "percent_covered": 100.0, "percent_covered_display": "100", "missing_lines": 0, "excluded_lines": 0, "percent_statements_covered": 100.0, "percent_statements_covered_display": "100"}, "missing_lines": [], "excluded_lines": [], "start_line": 1}}}, "paravis/core/raster/reader.py": {"executed_lines": [6, 8, 9, 12, 38, 39, 40, 41, 43, 44, 45, 46, 47, 49, 51, 54, 55, 56, 59, 61, 62, 64, 67, 80, 81, 84, 86, 87, 89, 90, 92, 95, 110, 111, 113, 114, 116, 117, 120, 121, 126], "summary": {"covered_lines": 41, "num_statements": 41, "percent_covered": 100.0, "percent_covered_display": "100", "missing_lines": 0, "excluded_lines": 1, "percent_statements_covered": 100.0, "percent_statements_covered_display": "100"}, "missing_lines": [], "excluded_lines": [118], "functions": {"read_raster": {"executed_lines": [38, 39, 40, 41, 43, 44, 45, 46, 47, 49, 51, 54, 55, 56, 59, 61, 62, 64], "summary": {"covered_lines": 18, "num_statements": 18, "percent_covered": 100.0, "percent_covered_display": "100", "missing_lines": 0, "excluded_lines": 0, "percent_statements_covered": 100.0, "percent_statements_covered_display": "100"}, "missing_lines": [], "excluded_lines": [], "start_line": 12}, "normalize_data": {"executed_lines": [80, 81, 84, 86, 87, 89, 90, 92], "summary": {"covered_lines": 8, "num_statements": 8, "percent_covered": 100.0, "percent_covered_display": "100", "missing_lines": 0, "excluded_lines": 0, "percent_statements_covered": 100.0, "percent_statements_covered_display": "100"}, "missing_lines": [], "excluded_lines": [], "start_line": 67}, "downsample_data": {"executed_lines": [110, 111, 113, 114, 116, 117, 120, 121, 126], "summary": {"covered_lines": 9, "num_statements": 9, "percent_covered": 100.0, "percent_covered_display": "100", "missing_lines": 0, "excluded_lines": 1, "percent_statements_covered": 100.0, "percent_statements_covered_display": "100"}, "missing_lines": [], "excluded_lines": [118], "start_line": 95}, "": {"executed_lines": [6, 8, 9, 12, 67, 95], "summary": {"covered_lines": 6, "num_statements": 6, "percent_covered": 100.0, "percent_covered_display": "100", "missing_lines": 0, "excluded_lines": 0, "percent_statements_covered": 100.0, "percent_statements_covered_display": "100"}, "missing_lines": [], "excluded_lines": [], "start_line": 1}}, "classes": {"": {"executed_lines": [6, 8, 9, 12, 38, 39, 40, 41, 43, 44, 45, 46, 47, 49, 51, 54, 55, 56, 59, 61, 62, 64, 67, 80, 81, 84, 86, 87, 89, 90, 92, 95, 110, 111, 113, 114, 116, 117, 120, 121, 126], "summary": {"covered_lines": 41, "num_statements": 41, "percent_covered": 100.0, "percent_covered_display": "100", "missing_lines": 0, "excluded_lines": 1, "percent_statements_covered": 100.0, "percent_statements_covered_display": "100"}, "missing_lines": [], "excluded_lines": [118], "start_line": 1}}}, "paravis/core/raster/utils.py": {"executed_lines": [4, 7, 20, 21, 22, 23, 24, 25, 28, 49, 50, 52, 53, 54, 55, 56], "summary": {"covered_lines": 16, "num_statements": 16, "percent_covered": 100.0, "percent_covered_display": "100", "missing_lines": 0, "excluded_lines": 0, "percent_statements_covered": 100.0, "percent_statements_covered_display": "100"}, "missing_lines": [], "excluded_lines": [], "functions": {"decimal_degrees_to_dms": {"executed_lines": [20, 21, 22, 23, 24, 25], "summary": {"covered_lines": 6, "num_statements": 6, "percent_covered": 100.0, "percent_covered_display": "100", "missing_lines": 0, "excluded_lines": 0, "percent_statements_covered": 100.0, "percent_statements_covered_display": "100"}, "missing_lines": [], "excluded_lines": [], "start_line": 7}, "get_cmap_with_nan": {"executed_lines": [49, 50, 52, 53, 54, 55, 56], "summary": {"covered_lines": 7, "num_statements": 7, "percent_covered": 100.0, "percent_covered_display": "100", "missing_lines": 0, "excluded_lines": 0, "percent_statements_covered": 100.0, "percent_statements_covered_display": "100"}, "missing_lines": [], "excluded_lines": [], "start_line": 28}, "": {"executed_lines": [4, 7, 28], "summary": {"covered_lines": 3, "num_statements": 3, "percent_covered": 100.0, "percent_covered_display": "100", "missing_lines": 0, "excluded_lines": 0, "percent_statements_covered": 100.0, "percent_statements_covered_display": "100"}, "missing_lines": [], "excluded_lines": [], "start_line": 1}}, "classes": {"": {"executed_lines": [4, 7, 20, 21, 22, 23, 24, 25, 28, 49, 50, 52, 53, 54, 55, 56], "summary": {"covered_lines": 16, "num_statements": 16, "percent_covered": 100.0, "percent_covered_display": "100", "missing_lines": 0, "excluded_lines": 0, "percent_statements_covered": 100.0, "percent_statements_covered_display": "100"}, "missing_lines": [], "excluded_lines": [], "start_line": 1}}}, "paravis/core/raster/writer.py": {"executed_lines": [4, 6, 7, 10, 43, 44, 46, 58, 59, 61], "summary": {"covered_lines": 10, "num_statements": 10, "percent_covered": 100.0, "percent_covered_display": "100", "missing_lines": 0, "excluded_lines": 0, "percent_statements_covered": 100.0, "percent_statements_covered_display": "100"}, "missing_lines": [], "excluded_lines": [], "functions": {"write_geotiff": {"executed_lines": [43, 44, 46, 58, 59, 61], "summary": {"covered_lines": 6, "num_statements": 6, "percent_covered": 100.0, "percent_covered_display": "100", "missing_lines": 0, "excluded_lines": 0, "percent_statements_covered": 100.0, "percent_statements_covered_display": "100"}, "missing_lines": [], "excluded_lines": [], "start_line": 10}, "": {"executed_lines": [4, 6, 7, 10], "summary": {"covered_lines": 4, "num_statements": 4, "percent_covered": 100.0, "percent_covered_display": "100", "missing_lines": 0, "excluded_lines": 0, "percent_statements_covered": 100.0, "percent_statements_covered_display": "100"}, "missing_lines": [], "excluded_lines": [], "start_line": 1}}, "classes": {"": {"executed_lines": [4, 6, 7, 10, 43, 44, 46, 58, 59, 61], "summary": {"covered_lines": 10, "num_statements": 10, "percent_covered": 100.0, "percent_covered_display": "100", "missing_lines": 0, "excluded_lines": 0, "percent_statements_covered": 100.0, "percent_statements_covered_display": "100"}, "missing_lines": [], "excluded_lines": [], "start_line": 1}}}, "paravis/gui/__init__.py": {"executed_lines": [], "summary": {"covered_lines": 0, "num_statements": 0, "percent_covered": 100.0, "percent_covered_display": "100", "missing_lines": 0, "excluded_lines": 0, "percent_statements_covered": 100.0, "percent_statements_covered_display": "100"}, "missing_lines": [], "excluded_lines": [], "functions": {"": {"executed_lines": [], "summary": {"covered_lines": 0, "num_statements": 0, "percent_covered": 100.0, "percent_covered_display": "100", "missing_lines": 0, "excluded_lines": 0, "percent_statements_covered": 100.0, "percent_statements_covered_display": "100"}, "missing_lines": [], "excluded_lines": [], "start_line": 1}}, "classes": {"": {"executed_lines": [], "summary": {"covered_lines": 0, "num_statements": 0, "percent_covered": 100.0, "percent_covered_display": "100", "missing_lines": 0, "excluded_lines": 0, "percent_statements_covered": 100.0, "percent_statements_covered_display": "100"}, "missing_lines": [], "excluded_lines": [], "start_line": 1}}}, "paravis/gui/app.py": {"executed_lines": [8, 9, 11, 12, 14, 15, 16, 19, 40, 42, 45, 46, 49, 50, 53, 54, 56, 59], "summary": {"covered_lines": 18, "num_statements": 27, "percent_covered": 66.66666666666667, "percent_covered_display": "67", "missing_lines": 9, "excluded_lines": 0, "percent_statements_covered": 66.66666666666667, "percent_statements_covered_display": "67"}, "missing_lines": [28, 29, 31, 32, 33, 34, 35, 37, 60], "excluded_lines": [], "functions": {"create_app": {"executed_lines": [], "summary": {"covered_lines": 0, "num_statements": 8, "percent_covered": 0.0, "percent_covered_display": "0", "missing_lines": 8, "excluded_lines": 0, "percent_statements_covered": 0.0, "percent_statements_covered_display": "0"}, "missing_lines": [28, 29, 31, 32, 33, 34, 35, 37], "excluded_lines": [], "start_line": 19}, "main": {"executed_lines": [42, 45, 46, 49, 50, 53, 54, 56], "summary": {"covered_lines": 8, "num_statements": 8, "percent_covered": 100.0, "percent_covered_display": "100", "missing_lines": 0, "excluded_lines": 0, "percent_statements_covered": 100.0, "percent_statements_covered_display": "100"}, "missing_lines": [], "excluded_lines": [], "start_line": 40}, "": {"executed_lines": [8, 9, 11, 12, 14, 15, 16, 19, 40, 59], "summary": {"covered_lines": 10, "num_statements": 11, "percent_covered": 90.9090909090909, "percent_covered_display": "91", "missing_lines": 1, "excluded_lines": 0, "percent_statements_covered": 90.9090909090909, "percent_statements_covered_display": "91"}, "missing_lines": [60], "excluded_lines": [], "start_line": 1}}, "classes": {"": {"executed_lines": [8, 9, 11, 12, 14, 15, 16, 19, 40, 42, 45, 46, 49, 50, 53, 54, 56, 59], "summary": {"covered_lines": 18, "num_statements": 27, "percent_covered": 66.66666666666667, "percent_covered_display": "67", "missing_lines": 9, "excluded_lines": 0, "percent_statements_covered": 66.66666666666667, "percent_statements_covered_display": "67"}, "missing_lines": [28, 29, 31, 32, 33, 34, 35, 37, 60], "excluded_lines": [], "start_line": 1}}}, "paravis/gui/components/__init__.py": {"executed_lines": [], "summary": {"covered_lines": 0, "num_statements": 0, "percent_covered": 100.0, "percent_covered_display": "100", "missing_lines": 0, "excluded_lines": 0, "percent_statements_covered": 100.0, "percent_statements_covered_display": "100"}, "missing_lines": [], "excluded_lines": [], "functions": {"": {"executed_lines": [], "summary": {"covered_lines": 0, "num_statements": 0, "percent_covered": 100.0, "percent_covered_display": "100", "missing_lines": 0, "excluded_lines": 0, "percent_statements_covered": 100.0, "percent_statements_covered_display": "100"}, "missing_lines": [], "excluded_lines": [], "start_line": 1}}, "classes": {"": {"executed_lines": [], "summary": {"covered_lines": 0, "num_statements": 0, "percent_covered": 100.0, "percent_covered_display": "100", "missing_lines": 0, "excluded_lines": 0, "percent_statements_covered": 100.0, "percent_statements_covered_display": "100"}, "missing_lines": [], "excluded_lines": [], "start_line": 1}}}, "paravis/gui/components/mpl_canvas.py": {"executed_lines": [4, 5, 8, 23, 24, 25, 26, 27, 28], "summary": {"covered_lines": 9, "num_statements": 9, "percent_covered": 100.0, "percent_covered_display": "100", "missing_lines": 0, "excluded_lines": 0, "percent_statements_covered": 100.0, "percent_statements_covered_display": "100"}, "missing_lines": [], "excluded_lines": [], "functions": {"MplCanvas.__init__": {"executed_lines": [24, 25, 26, 27, 28], "summary": {"covered_lines": 5, "num_statements": 5, "percent_covered": 100.0, "percent_covered_display": "100", "missing_lines": 0, "excluded_lines": 0, "percent_statements_covered": 100.0, "percent_statements_covered_display": "100"}, "missing_lines": [], "excluded_lines": [], "start_line": 23}, "": {"executed_lines": [4, 5, 8, 23], "summary": {"covered_lines": 4, "num_statements": 4, "percent_covered": 100.0, "percent_covered_display": "100", "missing_lines": 0, "excluded_lines": 0, "percent_statements_covered": 100.0, "percent_statements_covered_display": "100"}, "missing_lines": [], "excluded_lines": [], "start_line": 1}}, "classes": {"MplCanvas": {"executed_lines": [24, 25, 26, 27, 28], "summary": {"covered_lines": 5, "num_statements": 5, "percent_covered": 100.0, "percent_covered_display": "100", "missing_lines": 0, "excluded_lines": 0, "percent_statements_covered": 100.0, "percent_statements_covered_display": "100"}, "missing_lines": [], "excluded_lines": [], "start_line": 8}, "": {"executed_lines": [4, 5, 8, 23], "summary": {"covered_lines": 4, "num_statements": 4, "percent_covered": 100.0, "percent_covered_display": "100", "missing_lines": 0, "excluded_lines": 0, "percent_statements_covered": 100.0, "percent_statements_covered_display": "100"}, "missing_lines": [], "excluded_lines": [], "start_line": 1}}}, "paravis/gui/components/recent_files.py": {"executed_lines": [4, 5, 7, 8, 10, 13, 26, 33, 34, 35, 36, 38, 40, 41, 43, 44, 45, 46, 48, 49, 50, 51, 52, 53, 57, 58, 59, 61, 62, 63, 65, 66, 67], "summary": {"covered_lines": 33, "num_statements": 33, "percent_covered": 100.0, "percent_covered_display": "100", "missing_lines": 0, "excluded_lines": 0, "percent_statements_covered": 100.0, "percent_statements_covered_display": "100"}, "missing_lines": [], "excluded_lines": [], "functions": {"RecentFilesMenu.__init__": {"executed_lines": [33, 34, 35, 36], "summary": {"covered_lines": 4, "num_statements": 4, "percent_covered": 100.0, "percent_covered_display": "100", "missing_lines": 0, "excluded_lines": 0, "percent_statements_covered": 100.0, "percent_statements_covered_display": "100"}, "missing_lines": [], "excluded_lines": [], "start_line": 26}, "RecentFilesMenu.rebuild": {"executed_lines": [40, 41, 43, 44, 45, 46, 48, 49, 50, 51, 52, 53, 57, 58, 59], "summary": {"covered_lines": 15, "num_statements": 15, "percent_covered": 100.0, "percent_covered_display": "100", "missing_lines": 0, "excluded_lines": 0, "percent_statements_covered": 100.0, "percent_statements_covered_display": "100"}, "missing_lines": [], "excluded_lines": [], "start_line": 38}, "RecentFilesMenu._on_selected": {"executed_lines": [62, 63], "summary": {"covered_lines": 2, "num_statements": 2, "percent_covered": 100.0, "percent_covered_display": "100", "missing_lines": 0, "excluded_lines": 0, "percent_statements_covered": 100.0, "percent_statements_covered_display": "100"}, "missing_lines": [], "excluded_lines": [], "start_line": 61}, "RecentFilesMenu._clear_recent": {"executed_lines": [66, 67], "summary": {"covered_lines": 2, "num_statements": 2, "percent_covered": 100.0, "percent_covered_display": "100", "missing_lines": 0, "excluded_lines": 0, "percent_statements_covered": 100.0, "percent_statements_covered_display": "100"}, "missing_lines": [], "excluded_lines": [], "start_line": 65}, "": {"executed_lines": [4, 5, 7, 8, 10, 13, 26, 38, 61, 65], "summary": {"covered_lines": 10, "num_statements": 10, "percent_covered": 100.0, "percent_covered_display": "100", "missing_lines": 0, "excluded_lines": 0, "percent_statements_covered": 100.0, "percent_statements_covered_display": "100"}, "missing_lines": [], "excluded_lines": [], "start_line": 1}}, "classes": {"RecentFilesMenu": {"executed_lines": [33, 34, 35, 36, 40, 41, 43, 44, 45, 46, 48, 49, 50, 51, 52, 53, 57, 58, 59, 62, 63, 66, 67], "summary": {"covered_lines": 23, "num_statements": 23, "percent_covered": 100.0, "percent_covered_display": "100", "missing_lines": 0, "excluded_lines": 0, "percent_statements_covered": 100.0, "percent_statements_covered_display": "100"}, "missing_lines": [], "excluded_lines": [], "start_line": 13}, "": {"executed_lines": [4, 5, 7, 8, 10, 13, 26, 38, 61, 65], "summary": {"covered_lines": 10, "num_statements": 10, "percent_covered": 100.0, "percent_covered_display": "100", "missing_lines": 0, "excluded_lines": 0, "percent_statements_covered": 100.0, "percent_statements_covered_display": "100"}, "missing_lines": [], "excluded_lines": [], "start_line": 1}}}, "paravis/gui/components/splash.py": {"executed_lines": [4, 6, 7, 8, 11, 14, 15, 16, 17, 21, 22, 23, 24, 27, 28, 29, 30, 32, 34, 35, 37, 40, 41, 42, 45, 46, 49, 50, 51, 52, 55, 56, 57, 58, 62, 63, 64, 65, 70, 71, 72, 73, 77, 78, 79, 82, 91, 92, 93, 94, 97, 99, 101, 102, 104, 106, 107, 108], "summary": {"covered_lines": 58, "num_statements": 62, "percent_covered": 93.54838709677419, "percent_covered_display": "94", "missing_lines": 4, "excluded_lines": 0, "percent_statements_covered": 93.54838709677419, "percent_statements_covered_display": "94"}, "missing_lines": [83, 86, 87, 88], "excluded_lines": [], "functions": {"ModernSplashScreen.__init__": {"executed_lines": [15, 16, 17, 21, 22, 23, 24, 27, 28, 29, 30], "summary": {"covered_lines": 11, "num_statements": 11, "percent_covered": 100.0, "percent_covered_display": "100", "missing_lines": 0, "excluded_lines": 0, "percent_statements_covered": 100.0, "percent_statements_covered_display": "100"}, "missing_lines": [], "excluded_lines": [], "start_line": 14}, "ModernSplashScreen.paintEvent": {"executed_lines": [34, 35, 37, 40, 41, 42, 45, 46, 49, 50, 51, 52, 55, 56, 57, 58, 62, 63, 64, 65, 70, 71, 72, 73, 77, 78, 79, 82, 91, 92, 93, 94, 97], "summary": {"covered_lines": 33, "num_statements": 37, "percent_covered": 89.1891891891892, "percent_covered_display": "89", "missing_lines": 4, "excluded_lines": 0, "percent_statements_covered": 89.1891891891892, "percent_statements_covered_display": "89"}, "missing_lines": [83, 86, 87, 88], "excluded_lines": [], "start_line": 32}, "ModernSplashScreen.show_message": {"executed_lines": [101, 102], "summary": {"covered_lines": 2, "num_statements": 2, "percent_covered": 100.0, "percent_covered_display": "100", "missing_lines": 0, "excluded_lines": 0, "percent_statements_covered": 100.0, "percent_statements_covered_display": "100"}, "missing_lines": [], "excluded_lines": [], "start_line": 99}, "ModernSplashScreen.update_status": {"executed_lines": [106, 107, 108], "summary": {"covered_lines": 3, "num_statements": 3, "percent_covered": 100.0, "percent_covered_display": "100", "missing_lines": 0, "excluded_lines": 0, "percent_statements_covered": 100.0, "percent_statements_covered_display": "100"}, "missing_lines": [], "excluded_lines": [], "start_line": 104}, "": {"executed_lines": [4, 6, 7, 8, 11, 14, 32, 99, 104], "summary": {"covered_lines": 9, "num_statements": 9, "percent_covered": 100.0, "percent_covered_display": "100", "missing_lines": 0, "excluded_lines": 0, "percent_statements_covered": 100.0, "percent_statements_covered_display": "100"}, "missing_lines": [], "excluded_lines": [], "start_line": 1}}, "classes": {"ModernSplashScreen": {"executed_lines": [15, 16, 17, 21, 22, 23, 24, 27, 28, 29, 30, 34, 35, 37, 40, 41, 42, 45, 46, 49, 50, 51, 52, 55, 56, 57, 58, 62, 63, 64, 65, 70, 71, 72, 73, 77, 78, 79, 82, 91, 92, 93, 94, 97, 101, 102, 106, 107, 108], "summary": {"covered_lines": 49, "num_statements": 53, "percent_covered": 92.45283018867924, "percent_covered_display": "92", "missing_lines": 4, "excluded_lines": 0, "percent_statements_covered": 92.45283018867924, "percent_statements_covered_display": "92"}, "missing_lines": [83, 86, 87, 88], "excluded_lines": [], "start_line": 11}, "": {"executed_lines": [4, 6, 7, 8, 11, 14, 32, 99, 104], "summary": {"covered_lines": 9, "num_statements": 9, "percent_covered": 100.0, "percent_covered_display": "100", "missing_lines": 0, "excluded_lines": 0, "percent_statements_covered": 100.0, "percent_statements_covered_display": "100"}, "missing_lines": [], "excluded_lines": [], "start_line": 1}}}, "paravis/gui/components/workers.py": {"executed_lines": [7, 9, 12, 21, 22, 23, 25, 35, 38, 39, 40, 41, 42, 44, 53, 56, 58, 59, 60, 61, 62, 63, 64, 65, 66, 68], "summary": {"covered_lines": 26, "num_statements": 75, "percent_covered": 34.666666666666664, "percent_covered_display": "35", "missing_lines": 49, "excluded_lines": 0, "percent_statements_covered": 34.666666666666664, "percent_statements_covered_display": "35"}, "missing_lines": [27, 28, 29, 30, 31, 32, 45, 46, 47, 48, 49, 50, 69, 70, 71, 72, 73, 75, 76, 77, 79, 81, 82, 83, 84, 85, 86, 88, 89, 90, 92, 93, 101, 102, 105, 106, 107, 108, 110, 112, 113, 115, 119, 120, 121, 123, 124, 125, 126], "excluded_lines": [], "functions": {"PlotWorker.__init__": {"executed_lines": [22, 23], "summary": {"covered_lines": 2, "num_statements": 2, "percent_covered": 100.0, "percent_covered_display": "100", "missing_lines": 0, "excluded_lines": 0, "percent_statements_covered": 100.0, "percent_statements_covered_display": "100"}, "missing_lines": [], "excluded_lines": [], "start_line": 21}, "PlotWorker.run": {"executed_lines": [], "summary": {"covered_lines": 0, "num_statements": 6, "percent_covered": 0.0, "percent_covered_display": "0", "missing_lines": 6, "excluded_lines": 0, "percent_statements_covered": 0.0, "percent_statements_covered_display": "0"}, "missing_lines": [27, 28, 29, 30, 31, 32], "excluded_lines": [], "start_line": 25}, "CompareWorker.__init__": {"executed_lines": [39, 40, 41, 42], "summary": {"covered_lines": 4, "num_statements": 4, "percent_covered": 100.0, "percent_covered_display": "100", "missing_lines": 0, "excluded_lines": 0, "percent_statements_covered": 100.0, "percent_statements_covered_display": "100"}, "missing_lines": [], "excluded_lines": [], "start_line": 38}, "CompareWorker.run": {"executed_lines": [], "summary": {"covered_lines": 0, "num_statements": 6, "percent_covered": 0.0, "percent_covered_display": "0", "missing_lines": 6, "excluded_lines": 0, "percent_statements_covered": 0.0, "percent_statements_covered_display": "0"}, "missing_lines": [45, 46, 47, 48, 49, 50], "excluded_lines": [], "start_line": 44}, "GifWorker.__init__": {"executed_lines": [58, 59, 60, 61, 62, 63, 64, 65, 66], "summary": {"covered_lines": 9, "num_statements": 9, "percent_covered": 100.0, "percent_covered_display": "100", "missing_lines": 0, "excluded_lines": 0, "percent_statements_covered": 100.0, "percent_statements_covered_display": "100"}, "missing_lines": [], "excluded_lines": [], "start_line": 56}, "GifWorker.run": {"executed_lines": [], "summary": {"covered_lines": 0, "num_statements": 17, "percent_covered": 0.0, "percent_covered_display": "0", "missing_lines": 17, "excluded_lines": 0, "percent_statements_covered": 0.0, "percent_statements_covered_display": "0"}, "missing_lines": [69, 70, 71, 72, 73, 75, 76, 77, 79, 115, 119, 120, 121, 123, 124, 125, 126], "excluded_lines": [], "start_line": 68}, "GifWorker.run.update": {"executed_lines": [], "summary": {"covered_lines": 0, "num_statements": 20, "percent_covered": 0.0, "percent_covered_display": "0", "missing_lines": 20, "excluded_lines": 0, "percent_statements_covered": 0.0, "percent_statements_covered_display": "0"}, "missing_lines": [81, 82, 83, 84, 85, 86, 88, 89, 90, 92, 93, 101, 102, 105, 106, 107, 108, 110, 112, 113], "excluded_lines": [], "start_line": 79}, "": {"executed_lines": [7, 9, 12, 21, 25, 35, 38, 44, 53, 56, 68], "summary": {"covered_lines": 11, "num_statements": 11, "percent_covered": 100.0, "percent_covered_display": "100", "missing_lines": 0, "excluded_lines": 0, "percent_statements_covered": 100.0, "percent_statements_covered_display": "100"}, "missing_lines": [], "excluded_lines": [], "start_line": 1}}, "classes": {"PlotWorker": {"executed_lines": [22, 23], "summary": {"covered_lines": 2, "num_statements": 8, "percent_covered": 25.0, "percent_covered_display": "25", "missing_lines": 6, "excluded_lines": 0, "percent_statements_covered": 25.0, "percent_statements_covered_display": "25"}, "missing_lines": [27, 28, 29, 30, 31, 32], "excluded_lines": [], "start_line": 12}, "CompareWorker": {"executed_lines": [39, 40, 41, 42], "summary": {"covered_lines": 4, "num_statements": 10, "percent_covered": 40.0, "percent_covered_display": "40", "missing_lines": 6, "excluded_lines": 0, "percent_statements_covered": 40.0, "percent_statements_covered_display": "40"}, "missing_lines": [45, 46, 47, 48, 49, 50], "excluded_lines": [], "start_line": 35}, "GifWorker": {"executed_lines": [58, 59, 60, 61, 62, 63, 64, 65, 66], "summary": {"covered_lines": 9, "num_statements": 46, "percent_covered": 19.565217391304348, "percent_covered_display": "20", "missing_lines": 37, "excluded_lines": 0, "percent_statements_covered": 19.565217391304348, "percent_statements_covered_display": "20"}, "missing_lines": [69, 70, 71, 72, 73, 75, 76, 77, 79, 81, 82, 83, 84, 85, 86, 88, 89, 90, 92, 93, 101, 102, 105, 106, 107, 108, 110, 112, 113, 115, 119, 120, 121, 123, 124, 125, 126], "excluded_lines": [], "start_line": 53}, "": {"executed_lines": [7, 9, 12, 21, 25, 35, 38, 44, 53, 56, 68], "summary": {"covered_lines": 11, "num_statements": 11, "percent_covered": 100.0, "percent_covered_display": "100", "missing_lines": 0, "excluded_lines": 0, "percent_statements_covered": 100.0, "percent_statements_covered_display": "100"}, "missing_lines": [], "excluded_lines": [], "start_line": 1}}}, "paravis/gui/dialogs/__init__.py": {"executed_lines": [], "summary": {"covered_lines": 0, "num_statements": 0, "percent_covered": 100.0, "percent_covered_display": "100", "missing_lines": 0, "excluded_lines": 0, "percent_statements_covered": 100.0, "percent_statements_covered_display": "100"}, "missing_lines": [], "excluded_lines": [], "functions": {"": {"executed_lines": [], "summary": {"covered_lines": 0, "num_statements": 0, "percent_covered": 100.0, "percent_covered_display": "100", "missing_lines": 0, "excluded_lines": 0, "percent_statements_covered": 100.0, "percent_statements_covered_display": "100"}, "missing_lines": [], "excluded_lines": [], "start_line": 1}}, "classes": {"": {"executed_lines": [], "summary": {"covered_lines": 0, "num_statements": 0, "percent_covered": 100.0, "percent_covered_display": "100", "missing_lines": 0, "excluded_lines": 0, "percent_statements_covered": 100.0, "percent_statements_covered_display": "100"}, "missing_lines": [], "excluded_lines": [], "start_line": 1}}}, "paravis/gui/dialogs/about.py": {"executed_lines": [4, 6, 9, 11, 12, 13, 16, 19, 20, 21, 22, 23, 24, 26, 27, 28, 29, 31, 32, 33, 34, 36, 37, 38, 39, 41, 42, 43, 44, 46, 51, 52, 53, 54, 56, 57, 58, 59, 61, 62, 63, 66, 67, 68, 69, 73, 76, 77, 78, 80, 81, 82, 83, 84, 86, 88, 89, 90, 91, 92, 93, 94, 95, 97, 100], "summary": {"covered_lines": 65, "num_statements": 66, "percent_covered": 98.48484848484848, "percent_covered_display": "98", "missing_lines": 1, "excluded_lines": 0, "percent_statements_covered": 98.48484848484848, "percent_statements_covered_display": "98"}, "missing_lines": [71], "excluded_lines": [], "functions": {"AboutDialog.__init__": {"executed_lines": [20, 21, 22, 23, 24], "summary": {"covered_lines": 5, "num_statements": 5, "percent_covered": 100.0, "percent_covered_display": "100", "missing_lines": 0, "excluded_lines": 0, "percent_statements_covered": 100.0, "percent_statements_covered_display": "100"}, "missing_lines": [], "excluded_lines": [], "start_line": 19}, "AboutDialog._setup_ui": {"executed_lines": [27, 28, 29, 31, 32, 33, 34, 36, 37, 38, 39, 41, 42, 43, 44, 46, 51, 52, 53, 54, 56, 57, 58, 59, 61, 62, 63, 66, 67, 68, 69, 73, 76, 77, 78, 80, 81, 82, 83, 84, 86, 88, 89, 90, 91, 92, 93, 94, 95, 97], "summary": {"covered_lines": 50, "num_statements": 51, "percent_covered": 98.03921568627452, "percent_covered_display": "98", "missing_lines": 1, "excluded_lines": 0, "percent_statements_covered": 98.03921568627452, "percent_statements_covered_display": "98"}, "missing_lines": [71], "excluded_lines": [], "start_line": 26}, "": {"executed_lines": [4, 6, 9, 11, 12, 13, 16, 19, 26, 100], "summary": {"covered_lines": 10, "num_statements": 10, "percent_covered": 100.0, "percent_covered_display": "100", "missing_lines": 0, "excluded_lines": 0, "percent_statements_covered": 100.0, "percent_statements_covered_display": "100"}, "missing_lines": [], "excluded_lines": [], "start_line": 1}}, "classes": {"AboutDialog": {"executed_lines": [20, 21, 22, 23, 24, 27, 28, 29, 31, 32, 33, 34, 36, 37, 38, 39, 41, 42, 43, 44, 46, 51, 52, 53, 54, 56, 57, 58, 59, 61, 62, 63, 66, 67, 68, 69, 73, 76, 77, 78, 80, 81, 82, 83, 84, 86, 88, 89, 90, 91, 92, 93, 94, 95, 97], "summary": {"covered_lines": 55, "num_statements": 56, "percent_covered": 98.21428571428571, "percent_covered_display": "98", "missing_lines": 1, "excluded_lines": 0, "percent_statements_covered": 98.21428571428571, "percent_statements_covered_display": "98"}, "missing_lines": [71], "excluded_lines": [], "start_line": 16}, "": {"executed_lines": [4, 6, 9, 11, 12, 13, 16, 19, 26, 100], "summary": {"covered_lines": 10, "num_statements": 10, "percent_covered": 100.0, "percent_covered_display": "100", "missing_lines": 0, "excluded_lines": 0, "percent_statements_covered": 100.0, "percent_statements_covered_display": "100"}, "missing_lines": [], "excluded_lines": [], "start_line": 1}}}, "paravis/gui/dialogs/band_mapping.py": {"executed_lines": [4, 8, 10, 11, 15, 33, 36, 39, 46, 118, 122, 134, 148, 155, 163, 167, 178], "summary": {"covered_lines": 17, "num_statements": 106, "percent_covered": 16.037735849056602, "percent_covered_display": "16", "missing_lines": 89, "excluded_lines": 0, "percent_statements_covered": 16.037735849056602, "percent_statements_covered_display": "16"}, "missing_lines": [40, 41, 42, 43, 44, 47, 48, 50, 51, 52, 53, 54, 55, 57, 58, 61, 62, 63, 65, 66, 67, 68, 70, 71, 72, 74, 75, 76, 79, 80, 81, 82, 83, 84, 85, 86, 87, 89, 90, 91, 94, 96, 97, 98, 100, 101, 102, 104, 105, 106, 108, 110, 111, 112, 113, 115, 116, 119, 120, 123, 124, 125, 126, 127, 128, 129, 130, 132, 135, 136, 137, 138, 139, 140, 141, 142, 144, 145, 146, 150, 157, 165, 169, 170, 171, 172, 173, 174, 175], "excluded_lines": [], "functions": {"BandMappingDialog.__init__": {"executed_lines": [], "summary": {"covered_lines": 0, "num_statements": 5, "percent_covered": 0.0, "percent_covered_display": "0", "missing_lines": 5, "excluded_lines": 0, "percent_statements_covered": 0.0, "percent_statements_covered_display": "0"}, "missing_lines": [40, 41, 42, 43, 44], "excluded_lines": [], "start_line": 39}, "BandMappingDialog._setup_ui": {"executed_lines": [], "summary": {"covered_lines": 0, "num_statements": 52, "percent_covered": 0.0, "percent_covered_display": "0", "missing_lines": 52, "excluded_lines": 0, "percent_statements_covered": 0.0, "percent_statements_covered_display": "0"}, "missing_lines": [47, 48, 50, 51, 52, 53, 54, 55, 57, 58, 61, 62, 63, 65, 66, 67, 68, 70, 71, 72, 74, 75, 76, 79, 80, 81, 82, 83, 84, 85, 86, 87, 89, 90, 91, 94, 96, 97, 98, 100, 101, 102, 104, 105, 106, 108, 110, 111, 112, 113, 115, 116], "excluded_lines": [], "start_line": 46}, "BandMappingDialog._on_code_changed": {"executed_lines": [], "summary": {"covered_lines": 0, "num_statements": 2, "percent_covered": 0.0, "percent_covered_display": "0", "missing_lines": 2, "excluded_lines": 0, "percent_statements_covered": 0.0, "percent_statements_covered_display": "0"}, "missing_lines": [119, 120], "excluded_lines": [], "start_line": 118}, "BandMappingDialog._update_desc_for_row": {"executed_lines": [], "summary": {"covered_lines": 0, "num_statements": 9, "percent_covered": 0.0, "percent_covered_display": "0", "missing_lines": 9, "excluded_lines": 0, "percent_statements_covered": 0.0, "percent_statements_covered_display": "0"}, "missing_lines": [123, 124, 125, 126, 127, 128, 129, 130, 132], "excluded_lines": [], "start_line": 122}, "BandMappingDialog._reset_defaults": {"executed_lines": [], "summary": {"covered_lines": 0, "num_statements": 11, "percent_covered": 0.0, "percent_covered_display": "0", "missing_lines": 11, "excluded_lines": 0, "percent_statements_covered": 0.0, "percent_statements_covered_display": "0"}, "missing_lines": [135, 136, 137, 138, 139, 140, 141, 142, 144, 145, 146], "excluded_lines": [], "start_line": 134}, "BandMappingDialog.reset_landsat_defaults": {"executed_lines": [], "summary": {"covered_lines": 0, "num_statements": 1, "percent_covered": 0.0, "percent_covered_display": "0", "missing_lines": 1, "excluded_lines": 0, "percent_statements_covered": 0.0, "percent_statements_covered_display": "0"}, "missing_lines": [150], "excluded_lines": [], "start_line": 148}, "BandMappingDialog.reset_sentinel2_defaults": {"executed_lines": [], "summary": {"covered_lines": 0, "num_statements": 1, "percent_covered": 0.0, "percent_covered_display": "0", "missing_lines": 1, "excluded_lines": 0, "percent_statements_covered": 0.0, "percent_statements_covered_display": "0"}, "missing_lines": [157], "excluded_lines": [], "start_line": 155}, "BandMappingDialog.reset_sentinel1_defaults": {"executed_lines": [], "summary": {"covered_lines": 0, "num_statements": 1, "percent_covered": 0.0, "percent_covered_display": "0", "missing_lines": 1, "excluded_lines": 0, "percent_statements_covered": 0.0, "percent_statements_covered_display": "0"}, "missing_lines": [165], "excluded_lines": [], "start_line": 163}, "BandMappingDialog.get_mapping": {"executed_lines": [], "summary": {"covered_lines": 0, "num_statements": 7, "percent_covered": 0.0, "percent_covered_display": "0", "missing_lines": 7, "excluded_lines": 0, "percent_statements_covered": 0.0, "percent_statements_covered_display": "0"}, "missing_lines": [169, 170, 171, 172, 173, 174, 175], "excluded_lines": [], "start_line": 167}, "": {"executed_lines": [4, 8, 10, 11, 15, 33, 36, 39, 46, 118, 122, 134, 148, 155, 163, 167, 178], "summary": {"covered_lines": 17, "num_statements": 17, "percent_covered": 100.0, "percent_covered_display": "100", "missing_lines": 0, "excluded_lines": 0, "percent_statements_covered": 100.0, "percent_statements_covered_display": "100"}, "missing_lines": [], "excluded_lines": [], "start_line": 1}}, "classes": {"BandMappingDialog": {"executed_lines": [], "summary": {"covered_lines": 0, "num_statements": 89, "percent_covered": 0.0, "percent_covered_display": "0", "missing_lines": 89, "excluded_lines": 0, "percent_statements_covered": 0.0, "percent_statements_covered_display": "0"}, "missing_lines": [40, 41, 42, 43, 44, 47, 48, 50, 51, 52, 53, 54, 55, 57, 58, 61, 62, 63, 65, 66, 67, 68, 70, 71, 72, 74, 75, 76, 79, 80, 81, 82, 83, 84, 85, 86, 87, 89, 90, 91, 94, 96, 97, 98, 100, 101, 102, 104, 105, 106, 108, 110, 111, 112, 113, 115, 116, 119, 120, 123, 124, 125, 126, 127, 128, 129, 130, 132, 135, 136, 137, 138, 139, 140, 141, 142, 144, 145, 146, 150, 157, 165, 169, 170, 171, 172, 173, 174, 175], "excluded_lines": [], "start_line": 36}, "": {"executed_lines": [4, 8, 10, 11, 15, 33, 36, 39, 46, 118, 122, 134, 148, 155, 163, 167, 178], "summary": {"covered_lines": 17, "num_statements": 17, "percent_covered": 100.0, "percent_covered_display": "100", "missing_lines": 0, "excluded_lines": 0, "percent_statements_covered": 100.0, "percent_statements_covered_display": "100"}, "missing_lines": [], "excluded_lines": [], "start_line": 1}}}, "paravis/gui/dialogs/constants_editor.py": {"executed_lines": [7, 9, 13, 16, 19, 20, 21, 22, 23, 24, 26, 27, 29, 35, 36, 37, 39, 40, 41, 42, 43, 45, 46, 47, 48, 50, 51, 53, 54, 55, 56, 58, 59, 60, 61, 63, 64, 65, 66, 68, 69, 70, 72, 73, 76, 78, 79, 80, 82, 83, 84, 86, 87, 88, 89, 90, 91, 93, 95, 102, 106, 108, 109, 110, 111, 112, 113, 114, 119, 122], "summary": {"covered_lines": 70, "num_statements": 79, "percent_covered": 88.60759493670886, "percent_covered_display": "89", "missing_lines": 9, "excluded_lines": 0, "percent_statements_covered": 88.60759493670886, "percent_statements_covered_display": "89"}, "missing_lines": [97, 98, 99, 100, 104, 115, 116, 117, 118], "excluded_lines": [], "functions": {"ConstantsEditorDialog.__init__": {"executed_lines": [20, 21, 22, 23, 24], "summary": {"covered_lines": 5, "num_statements": 5, "percent_covered": 100.0, "percent_covered_display": "100", "missing_lines": 0, "excluded_lines": 0, "percent_statements_covered": 100.0, "percent_statements_covered_display": "100"}, "missing_lines": [], "excluded_lines": [], "start_line": 19}, "ConstantsEditorDialog._setup_ui": {"executed_lines": [27, 29, 35, 36, 37, 39, 40, 41, 42, 43, 45, 46, 47, 48, 50, 51, 53, 54, 55, 56, 58, 59, 60, 61, 63, 64, 65, 66, 68, 69, 70, 72, 73, 76, 78, 79, 80, 82, 83, 84, 86, 87, 88, 89, 90, 91, 93], "summary": {"covered_lines": 47, "num_statements": 47, "percent_covered": 100.0, "percent_covered_display": "100", "missing_lines": 0, "excluded_lines": 0, "percent_statements_covered": 100.0, "percent_statements_covered_display": "100"}, "missing_lines": [], "excluded_lines": [], "start_line": 26}, "ConstantsEditorDialog._reset_all": {"executed_lines": [], "summary": {"covered_lines": 0, "num_statements": 4, "percent_covered": 0.0, "percent_covered_display": "0", "missing_lines": 4, "excluded_lines": 0, "percent_statements_covered": 0.0, "percent_statements_covered_display": "0"}, "missing_lines": [97, 98, 99, 100], "excluded_lines": [], "start_line": 95}, "ConstantsEditorDialog._clear_all": {"executed_lines": [], "summary": {"covered_lines": 0, "num_statements": 1, "percent_covered": 0.0, "percent_covered_display": "0", "missing_lines": 1, "excluded_lines": 0, "percent_statements_covered": 0.0, "percent_statements_covered_display": "0"}, "missing_lines": [104], "excluded_lines": [], "start_line": 102}, "ConstantsEditorDialog.get_constants": {"executed_lines": [108, 109, 110, 111, 112, 113, 114, 119], "summary": {"covered_lines": 8, "num_statements": 12, "percent_covered": 66.66666666666667, "percent_covered_display": "67", "missing_lines": 4, "excluded_lines": 0, "percent_statements_covered": 66.66666666666667, "percent_statements_covered_display": "67"}, "missing_lines": [115, 116, 117, 118], "excluded_lines": [], "start_line": 106}, "": {"executed_lines": [7, 9, 13, 16, 19, 26, 95, 102, 106, 122], "summary": {"covered_lines": 10, "num_statements": 10, "percent_covered": 100.0, "percent_covered_display": "100", "missing_lines": 0, "excluded_lines": 0, "percent_statements_covered": 100.0, "percent_statements_covered_display": "100"}, "missing_lines": [], "excluded_lines": [], "start_line": 1}}, "classes": {"ConstantsEditorDialog": {"executed_lines": [20, 21, 22, 23, 24, 27, 29, 35, 36, 37, 39, 40, 41, 42, 43, 45, 46, 47, 48, 50, 51, 53, 54, 55, 56, 58, 59, 60, 61, 63, 64, 65, 66, 68, 69, 70, 72, 73, 76, 78, 79, 80, 82, 83, 84, 86, 87, 88, 89, 90, 91, 93, 108, 109, 110, 111, 112, 113, 114, 119], "summary": {"covered_lines": 60, "num_statements": 69, "percent_covered": 86.95652173913044, "percent_covered_display": "87", "missing_lines": 9, "excluded_lines": 0, "percent_statements_covered": 86.95652173913044, "percent_statements_covered_display": "87"}, "missing_lines": [97, 98, 99, 100, 104, 115, 116, 117, 118], "excluded_lines": [], "start_line": 16}, "": {"executed_lines": [7, 9, 13, 16, 19, 26, 95, 102, 106, 122], "summary": {"covered_lines": 10, "num_statements": 10, "percent_covered": 100.0, "percent_covered_display": "100", "missing_lines": 0, "excluded_lines": 0, "percent_statements_covered": 100.0, "percent_statements_covered_display": "100"}, "missing_lines": [], "excluded_lines": [], "start_line": 1}}}, "paravis/gui/dialogs/index_table.py": {"executed_lines": [6, 10, 13, 19, 20, 21, 22, 23, 24, 27, 29, 30, 31, 33, 34, 35, 37, 41, 44, 45, 48, 49, 50, 51, 52, 53, 55, 56, 57, 59, 60, 61, 63, 64, 65, 67, 70, 71, 72, 73, 74, 75, 76, 77, 78, 79, 80, 82, 83, 86, 87, 88, 89, 90, 91, 92, 93, 96, 97, 98, 99, 100, 101, 102, 104, 106, 108, 109, 110, 112, 113, 116, 122, 124, 125, 127, 129, 131, 133, 134, 135, 136, 139, 140, 142, 143, 145, 147, 148, 150, 152, 153, 155, 157, 158, 160, 161, 163, 164, 166, 181, 182, 183, 184, 186, 188, 189, 191, 193, 194, 195, 198, 199, 202, 204, 206, 207, 210, 212, 214, 215, 216, 217, 219, 220, 221, 225, 228], "summary": {"covered_lines": 128, "num_statements": 147, "percent_covered": 87.07482993197279, "percent_covered_display": "87", "missing_lines": 19, "excluded_lines": 0, "percent_statements_covered": 87.07482993197279, "percent_statements_covered_display": "87"}, "missing_lines": [114, 115, 141, 168, 169, 170, 171, 172, 173, 174, 175, 176, 177, 178, 179, 208, 209, 222, 223], "excluded_lines": [], "functions": {"IndexTableExpandDialog.__init__": {"executed_lines": [20, 21, 22, 23, 24, 27, 29, 30, 31], "summary": {"covered_lines": 9, "num_statements": 9, "percent_covered": 100.0, "percent_covered_display": "100", "missing_lines": 0, "excluded_lines": 0, "percent_statements_covered": 100.0, "percent_statements_covered_display": "100"}, "missing_lines": [], "excluded_lines": [], "start_line": 19}, "IndexTableExpandDialog._setup_ui": {"executed_lines": [34, 35, 37, 41, 44, 45, 48, 49, 50, 51, 52, 53, 55, 56, 
[...]
ofiler": {"executed_lines": [24, 25, 26, 27, 28, 29, 30, 31, 33, 47, 48, 49, 50, 55, 56, 67, 69, 79, 80, 81, 82, 83, 84, 85, 86, 87, 88, 89, 90, 91, 92, 93, 94, 95, 96, 97, 98, 99, 100, 101, 102, 104, 121, 122, 123, 125, 126, 127, 130, 131, 132, 133, 134, 135, 136, 137, 140, 141, 142, 143, 144, 145, 147, 167, 168, 169, 170, 171, 173, 174, 177, 178, 179, 180, 181, 182, 183, 184, 185, 186, 188, 191, 194, 197, 198, 199, 200, 201, 203, 204, 205, 206, 208, 210, 215, 223, 232, 233, 234, 235, 236, 237, 238, 239, 240, 241, 242, 243, 244, 246, 247], "summary": {"covered_lines": 111, "num_statements": 111, "percent_covered": 100.0, "percent_covered_display": "100", "missing_lines": 0, "excluded_lines": 0, "percent_statements_covered": 100.0, "percent_statements_covered_display": "100"}, "missing_lines": [], "excluded_lines": [], "start_line": 13}, "": {"executed_lines": [6, 7, 8, 9, 10, 13, 16, 17, 39, 40, 58, 59, 106, 107, 164, 165, 212, 213, 221, 230], "summary": {"covered_lines": 20, "num_statements": 20, "percent_covered": 100.0, "percent_covered_display": "100", "missing_lines": 0, "excluded_lines": 0, "percent_statements_covered": 100.0, "percent_statements_covered_display": "100"}, "missing_lines": [], "excluded_lines": [], "start_line": 1}}}, "paravis/workers/__init__.py": {"executed_lines": [], "summary": {"covered_lines": 0, "num_statements": 0, "percent_covered": 100.0, "percent_covered_display": "100", "missing_lines": 0, "excluded_lines": 0, "percent_statements_covered": 100.0, "percent_statements_covered_display": "100"}, "missing_lines": [], "excluded_lines": [], "functions": {"": {"executed_lines": [], "summary": {"covered_lines": 0, "num_statements": 0, "percent_covered": 100.0, "percent_covered_display": "100", "missing_lines": 0, "excluded_lines": 0, "percent_statements_covered": 100.0, "percent_statements_covered_display": "100"}, "missing_lines": [], "excluded_lines": [], "start_line": 1}}, "classes": {"": {"executed_lines": [], "summary": {"covered_lines": 0, "num_statements": 0, "percent_covered": 100.0, "percent_covered_display": "100", "missing_lines": 0, "excluded_lines": 0, "percent_statements_covered": 100.0, "percent_statements_covered_display": "100"}, "missing_lines": [], "excluded_lines": [], "start_line": 1}}}, "paravis/workers/base_worker.py": {"executed_lines": [4, 7, 20, 21, 22, 24, 25, 26, 27, 28, 30, 32, 33, 35, 37, 38, 40, 42, 43, 45, 46, 47, 48, 50, 51, 52, 53, 55, 57], "summary": {"covered_lines": 29, "num_statements": 29, "percent_covered": 100.0, "percent_covered_display": "100", "missing_lines": 0, "excluded_lines": 0, "percent_statements_covered": 100.0, "percent_statements_covered_display": "100"}, "missing_lines": [], "excluded_lines": [], "functions": {"BaseWorker.__init__": {"executed_lines": [25, 26, 27, 28], "summary": {"covered_lines": 4, "num_statements": 4, "percent_covered": 100.0, "percent_covered_display": "100", "missing_lines": 0, "excluded_lines": 0, "percent_statements_covered": 100.0, "percent_statements_covered_display": "100"}, "missing_lines": [], "excluded_lines": [], "start_line": 24}, "BaseWorker.stop": {"executed_lines": [32, 33], "summary": {"covered_lines": 2, "num_statements": 2, "percent_covered": 100.0, "percent_covered_display": "100", "missing_lines": 0, "excluded_lines": 0, "percent_statements_covered": 100.0, "percent_statements_covered_display": "100"}, "missing_lines": [], "excluded_lines": [], "start_line": 30}, "BaseWorker.pause": {"executed_lines": [37, 38], "summary": {"covered_lines": 2, "num_statements": 2, "percent_covered": 100.0, "percent_covered_display": "100", "missing_lines": 0, "excluded_lines": 0, "percent_statements_covered": 100.0, "percent_statements_covered_display": "100"}, "missing_lines": [], "excluded_lines": [], "start_line": 35}, "BaseWorker.resume": {"executed_lines": [42, 43], "summary": {"covered_lines": 2, "num_statements": 2, "percent_covered": 100.0, "percent_covered_display": "100", "missing_lines": 0, "excluded_lines": 0, "percent_statements_covered": 100.0, "percent_statements_covered_display": "100"}, "missing_lines": [], "excluded_lines": [], "start_line": 40}, "BaseWorker.is_running": {"executed_lines": [47, 48], "summary": {"covered_lines": 2, "num_statements": 2, "percent_covered": 100.0, "percent_covered_display": "100", "missing_lines": 0, "excluded_lines": 0, "percent_statements_covered": 100.0, "percent_statements_covered_display": "100"}, "missing_lines": [], "excluded_lines": [], "start_line": 46}, "BaseWorker.is_paused": {"executed_lines": [52, 53], "summary": {"covered_lines": 2, "num_statements": 2, "percent_covered": 100.0, "percent_covered_display": "100", "missing_lines": 0, "excluded_lines": 0, "percent_statements_covered": 100.0, "percent_statements_covered_display": "100"}, "missing_lines": [], "excluded_lines": [], "start_line": 51}, "BaseWorker.emit_progress": {"executed_lines": [57], "summary": {"covered_lines": 1, "num_statements": 1, "percent_covered": 100.0, "percent_covered_display": "100", "missing_lines": 0, "excluded_lines": 0, "percent_statements_covered": 100.0, "percent_statements_covered_display": "100"}, "missing_lines": [], "excluded_lines": [], "start_line": 55}, "": {"executed_lines": [4, 7, 20, 21, 22, 24, 30, 35, 40, 45, 46, 50, 51, 55], "summary": {"covered_lines": 14, "num_statements": 14, "percent_covered": 100.0, "percent_covered_display": "100", "missing_lines": 0, "excluded_lines": 0, "percent_statements_covered": 100.0, "percent_statements_covered_display": "100"}, "missing_lines": [], "excluded_lines": [], "start_line": 1}}, "classes": {"BaseWorker": {"executed_lines": [25, 26, 27, 28, 32, 33, 37, 38, 42, 43, 47, 48, 52, 53, 57], "summary": {"covered_lines": 15, "num_statements": 15, "percent_covered": 100.0, "percent_covered_display": "100", "missing_lines": 0, "excluded_lines": 0, "percent_statements_covered": 100.0, "percent_statements_covered_display": "100"}, "missing_lines": [], "excluded_lines": [], "start_line": 7}, "": {"executed_lines": [4, 7, 20, 21, 22, 24, 30, 35, 40, 45, 46, 50, 51, 55], "summary": {"covered_lines": 14, "num_statements": 14, "percent_covered": 100.0, "percent_covered_display": "100", "missing_lines": 0, "excluded_lines": 0, "percent_statements_covered": 100.0, "percent_statements_covered_display": "100"}, "missing_lines": [], "excluded_lines": [], "start_line": 1}}}, "paravis/workers/index_worker.py": {"executed_lines": [7, 8, 9, 10, 11, 12, 13, 15, 16, 17, 19, 21, 23, 29, 30, 33, 34, 36, 37, 38, 39, 40, 43, 58, 66, 67, 68, 69, 70, 72, 98, 143, 144, 145, 147, 166, 170, 178, 444, 445, 447, 448, 449, 450, 451, 453, 454], "summary": {"covered_lines": 47, "num_statements": 235, "percent_covered": 20.0, "percent_covered_display": "20", "missing_lines": 188, "excluded_lines": 0, "percent_statements_covered": 20.0, "percent_statements_covered_display": "20"}, "missing_lines": [74, 75, 76, 77, 78, 79, 80, 82, 88, 89, 91, 93, 94, 95, 153, 154, 155, 156, 158, 159, 160, 168, 172, 180, 181, 182, 184, 193, 194, 195, 196, 198, 199, 201, 202, 203, 204, 205, 207, 208, 209, 210, 213, 226, 232, 233, 234, 236, 237, 238, 239, 240, 241, 242, 244, 245, 246, 247, 248, 249, 250, 251, 252, 253, 255, 256, 257, 258, 261, 262, 263, 264, 265, 266, 268, 271, 272, 273, 277, 278, 279, 282, 283, 284, 285, 286, 289, 290, 302, 303, 306, 307, 309, 310, 311, 313, 317, 322, 323, 326, 327, 328, 329, 330, 331, 332, 333, 334, 335, 336, 337, 342, 343, 347, 359, 360, 361, 366, 368, 369, 370, 371, 372, 373, 374, 384, 385, 386, 387, 388, 391, 394, 396, 397, 398, 399, 404, 405, 407, 408, 409, 411, 412, 413, 414, 415, 421, 422, 423, 424, 428, 429, 430, 431, 432, 433, 434, 435, 436, 473, 474, 475, 476, 478, 479, 480, 481, 483, 484, 486, 487, 489, 494, 495, 496, 501, 503, 504, 505, 506, 509, 510, 512, 513, 514, 516, 517, 519], "excluded_lines": [], "functions": {"IndexComputeWorker.__init__": {"executed_lines": [66, 67, 68, 69, 70], "summary": {"covered_lines": 5, "num_statements": 5, "percent_covered": 100.0, "percent_covered_display": "100", "missing_lines": 0, "excluded_lines": 0, "percent_statements_covered": 100.0, "percent_statements_covered_display": "100"}, "missing_lines": [], "excluded_lines": [], "start_line": 58}, "IndexComputeWorker.run": {"executed_lines": [], "summary": {"covered_lines": 0, "num_statements": 14, "percent_covered": 0.0, "percent_covered_display": "0", "missing_lines": 14, "excluded_lines": 0, "percent_statements_covered": 0.0, "percent_statements_covered_display": "0"}, "missing_lines": [74, 75, 76, 77, 78, 79, 80, 82, 88, 89, 91, 93, 94, 95], "excluded_lines": [], "start_line": 72}, "IndicesBatchWorker.__init__": {"executed_lines": [], "summary": {"covered_lines": 0, "num_statements": 7, "percent_covered": 0.0, "percent_covered_display": "0", "missing_lines": 7, "excluded_lines": 0, "percent_statements_covered": 0.0, "percent_statements_covered_display": "0"}, "missing_lines": [153, 154, 155, 156, 158, 159, 160], "excluded_lines": [], "start_line": 147}, "IndicesBatchWorker.log": {"executed_lines": [], "summary": {"covered_lines": 0, "num_statements": 1, "percent_covered": 0.0, "percent_covered_display": "0", "missing_lines": 1, "excluded_lines": 0, "percent_statements_covered": 0.0, "percent_statements_covered_display": "0"}, "missing_lines": [168], "excluded_lines": [], "start_line": 166}, "IndicesBatchWorker.stop": {"executed_lines": [], "summary": {"covered_lines": 0, "num_statements": 1, "percent_covered": 0.0, "percent_covered_display": "0", "missing_lines": 1, "excluded_lines": 0, "percent_statements_covered": 0.0, "percent_statements_covered_display": "0"}, "missing_lines": [172], "excluded_lines": [], "start_line": 170}, "IndicesBatchWorker.run": {"executed_lines": [], "summary": {"covered_lines": 0, "num_statements": 125, "percent_covered": 0.0, "percent_covered_display": "0", "missing_lines": 125, "excluded_lines": 0, "percent_statements_covered": 0.0, "percent_statements_covered_display": "0"}, "missing_lines": [180, 181, 182, 184, 193, 194, 195, 196, 198, 199, 201, 202, 203, 204, 205, 207, 208, 209, 210, 213, 226, 232, 233, 234, 236, 237, 238, 239, 240, 241, 242, 244, 245, 246, 247, 248, 249, 250, 251, 252, 253, 255, 256, 257, 258, 261, 262, 263, 264, 265, 266, 268, 271, 272, 273, 277, 278, 279, 282, 283, 284, 285, 286, 289, 290, 302, 303, 306, 307, 309, 310, 311, 313, 317, 322, 323, 326, 342, 343, 347, 359, 360, 361, 366, 368, 369, 370, 371, 372, 373, 374, 384, 385, 386, 387, 388, 391, 394, 396, 397, 398, 399, 404, 405, 407, 408, 409, 411, 412, 413, 414, 415, 421, 422, 423, 424, 428, 429, 430, 431, 432, 433, 434, 435, 436], "excluded_lines": [], "start_line": 178}, "IndicesBatchWorker.run._flush_progress": {"executed_lines": [], "summary": {"covered_lines": 0, "num_statements": 11, "percent_covered": 0.0, "percent_covered_display": "0", "missing_lines": 11, "excluded_lines": 0, "percent_statements_covered": 0.0, "percent_statements_covered_display": "0"}, "missing_lines": [327, 328, 329, 330, 331, 332, 333, 334, 335, 336, 337], "excluded_lines": [], "start_line": 326}, "IndicesBatchWorker._process_one_file_index": {"executed_lines": [], "summary": {"covered_lines": 0, "num_statements": 29, "percent_covered": 0.0, "percent_covered_display": "0", "missing_lines": 29, "excluded_lines": 0, "percent_statements_covered": 0.0, "percent_statements_covered_display": "0"}, "missing_lines": [473, 474, 475, 476, 478, 479, 480, 481, 483, 484, 486, 487, 489, 494, 495, 496, 501, 503, 504, 505, 506, 509, 510, 512, 513, 514, 516, 517, 519], "excluded_lines": [], "start_line": 454}, "": {"executed_lines": [7, 8, 9, 10, 11, 12, 13, 15, 16, 17, 19, 21, 23, 29, 30, 33, 34, 36, 37, 38, 39, 40, 43, 58, 72, 98, 143, 144, 145, 147, 166, 170, 178, 444, 445, 447, 448, 449, 450, 451, 453, 454], "summary": {"covered_lines": 42, "num_statements": 42, "percent_covered": 100.0, "percent_covered_display": "100", "missing_lines": 0, "excluded_lines": 0, "percent_statements_covered": 100.0, "percent_statements_covered_display": "100"}, "missing_lines": [], "excluded_lines": [], "start_line": 1}}, "classes": {"FileResult": {"executed_lines": [], "summary": {"covered_lines": 0, "num_statements": 0, "percent_covered": 100.0, "percent_covered_display": "100", "missing_lines": 0, "excluded_lines": 0, "percent_statements_covered": 100.0, "percent_statements_covered_display": "100"}, "missing_lines": [], "excluded_lines": [], "start_line": 34}, "IndexComputeWorker": {"executed_lines": [66, 67, 68, 69, 70], "summary": {"covered_lines": 5, "num_statements": 19, "percent_covered": 26.31578947368421, "percent_covered_display": "26", "missing_lines": 14, "excluded_lines": 0, "percent_statements_covered": 26.31578947368421, "percent_statements_covered_display": "26"}, "missing_lines": [74, 75, 76, 77, 78, 79, 80, 82, 88, 89, 91, 93, 94, 95], "excluded_lines": [], "start_line": 43}, "IndicesBatchWorker": {"executed_lines": [], "summary": {"covered_lines": 0, "num_statements": 174, "percent_covered": 0.0, "percent_covered_display": "0", "missing_lines": 174, "excluded_lines": 0, "percent_statements_covered": 0.0, "percent_statements_covered_display": "0"}, "missing_lines": [153, 154, 155, 156, 158, 159, 160, 168, 172, 180, 181, 182, 184, 193, 194, 195, 196, 198, 199, 201, 202, 203, 204, 205, 207, 208, 209, 210, 213, 226, 232, 233, 234, 236, 237, 238, 239, 240, 241, 242, 244, 245, 246, 247, 248, 249, 250, 251, 252, 253, 255, 256, 257, 258, 261, 262, 263, 264, 265, 266, 268, 271, 272, 273, 277, 278, 279, 282, 283, 284, 285, 286, 289, 290, 302, 303, 306, 307, 309, 310, 311, 313, 317, 322, 323, 326, 327, 328, 329, 330, 331, 332, 333, 334, 335, 336, 337, 342, 343, 347, 359, 360, 361, 366, 368, 369, 370, 371, 372, 373, 374, 384, 385, 386, 387, 388, 391, 394, 396, 397, 398, 399, 404, 405, 407, 408, 409, 411, 412, 413, 414, 415, 421, 422, 423, 424, 428, 429, 430, 431, 432, 433, 434, 435, 436, 473, 474, 475, 476, 478, 479, 480, 481, 483, 484, 486, 487, 489, 494, 495, 496, 501, 503, 504, 505, 506, 509, 510, 512, 513, 514, 516, 517, 519], "excluded_lines": [], "start_line": 98}, "IndicesBatchWorker._TaskResult": {"executed_lines": [], "summary": {"covered_lines": 0, "num_statements": 0, "percent_covered": 100.0, "percent_covered_display": "100", "missing_lines": 0, "excluded_lines": 0, "percent_statements_covered": 100.0, "percent_statements_covered_display": "100"}, "missing_lines": [], "excluded_lines": [], "start_line": 445}, "": {"executed_lines": [7, 8, 9, 10, 11, 12, 13, 15, 16, 17, 19, 21, 23, 29, 30, 33, 34, 36, 37, 38, 39, 40, 43, 58, 72, 98, 143, 144, 145, 147, 166, 170, 178, 444, 445, 447, 448, 449, 450, 451, 453, 454], "summary": {"covered_lines": 42, "num_statements": 42, "percent_covered": 100.0, "percent_covered_display": "100", "missing_lines": 0, "excluded_lines": 0, "percent_statements_covered": 100.0, "percent_statements_covered_display": "100"}, "missing_lines": [], "excluded_lines": [], "start_line": 1}}}, "paravis/workers/raoq_worker.py": {"executed_lines": [7, 8, 9, 11, 13, 15, 18, 45, 46, 47, 49, 51, 52, 53, 54, 55, 56, 57, 58, 59, 60, 61, 62, 64, 67, 70, 88], "summary": {"covered_lines": 27, "num_statements": 126, "percent_covered": 21.428571428571427, "percent_covered_display": "21", "missing_lines": 99, "excluded_lines": 0, "percent_statements_covered": 21.428571428571427, "percent_statements_covered_display": "21"}, "missing_lines": [65, 68, 71, 72, 73, 74, 75, 76, 77, 78, 79, 80, 81, 82, 83, 85, 86, 90, 91, 92, 93, 94, 95, 97, 98, 99, 100, 101, 102, 103, 104, 105, 106, 109, 110, 111, 112, 113, 114, 115, 116, 117, 121, 122, 123, 124, 125, 126, 127, 128, 129, 130, 131, 134, 135, 136, 137, 138, 139, 140, 142, 143, 144, 147, 149, 163, 164, 167, 168, 169, 170, 171, 176, 178, 179, 180, 181, 182, 187, 189, 190, 194, 195, 196, 197, 199, 201, 203, 204, 207, 208, 209, 210, 212, 213, 215, 216, 217, 218], "excluded_lines": [], "functions": {"RaoQWorker.__init__": {"executed_lines": [51, 52, 53, 54, 55, 56, 57, 58, 59, 60, 61, 62], "summary": {"covered_lines": 12, "num_statements": 12, "percent_covered": 100.0, "percent_covered_display": "100", "missing_lines": 0, "excluded_lines": 0, "percent_statements_covered": 100.0, "percent_statements_covered_display": "100"}, "missing_lines": [], "excluded_lines": [], "start_line": 49}, "RaoQWorker.log": {"executed_lines": [], "summary": {"covered_lines": 0, "num_statements": 1, "percent_covered": 0.0, "percent_covered_display": "0", "missing_lines": 1, "excluded_lines": 0, "percent_statements_covered": 0.0, "percent_statements_covered_display": "0"}, "missing_lines": [65], "excluded_lines": [], "start_line": 64}, "RaoQWorker.stop": {"executed_lines": [], "summary": {"covered_lines": 0, "num_statements": 1, "percent_covered": 0.0, "percent_covered_display": "0", "missing_lines": 1, "excluded_lines": 0, "percent_statements_covered": 0.0, "percent_statements_covered_display": "0"}, "missing_lines": [68], "excluded_lines": [], "start_line": 67}, "RaoQWorker.run": {"executed_lines": [], "summary": {"covered_lines": 0, "num_statements": 15, "percent_covered": 0.0, "percent_covered_display": "0", "missing_lines": 15, "excluded_lines": 0, "percent_statements_covered": 0.0, "percent_statements_covered_display": "0"}, "missing_lines": [71, 72, 73, 74, 75, 76, 77, 78, 79, 80, 81, 82, 83, 85, 86], "excluded_lines": [], "start_line": 70}, "RaoQWorker._compute_rao_q": {"executed_lines": [], "summary": {"covered_lines": 0, "num_statements": 82, "percent_covered": 0.0, "percent_covered_display": "0", "missing_lines": 82, "excluded_lines": 0, "percent_statements_covered": 0.0, "percent_statements_covered_display": "0"}, "missing_lines": [90, 91, 92, 93, 94, 95, 97, 98, 99, 100, 101, 102, 103, 104, 105, 106, 109, 110, 111, 112, 113, 114, 115, 116, 117, 121, 122, 123, 124, 125, 126, 127, 128, 129, 130, 131, 134, 135, 136, 137, 138, 139, 140, 142, 143, 144, 147, 149, 163, 164, 167, 168, 169, 170, 171, 176, 178, 179, 180, 181, 182, 187, 189, 190, 194, 195, 196, 197, 199, 201, 203, 204, 207, 208, 209, 210, 212, 213, 215, 216, 217, 218], "excluded_lines": [], "start_line": 88}, "": {"executed_lines": [7, 8, 9, 11, 13, 15, 18, 45, 46, 47, 49, 64, 67, 70, 88], "summary": {"covered_lines": 15, "num_statements": 15, "percent_covered": 100.0, "percent_covered_display": "100", "missing_lines": 0, "excluded_lines": 0, "percent_statements_covered": 100.0, "percent_statements_covered_display": "100"}, "missing_lines": [], "excluded_lines": [], "start_line": 1}}, "classes": {"RaoQWorker": {"executed_lines": [51, 52, 53, 54, 55, 56, 57, 58, 59, 60, 61, 62], "summary": {"covered_lines": 12, "num_statements": 111, "percent_covered": 10.81081081081081, "percent_covered_display": "11", "missing_lines": 99, "excluded_lines": 0, "percent_statements_covered": 10.81081081081081, "percent_statements_covered_display": "11"}, "missing_lines": [65, 68, 71, 72, 73, 74, 75, 76, 77, 78, 79, 80, 81, 82, 83, 85, 86, 90, 91, 92, 93, 94, 95, 97, 98, 99, 100, 101, 102, 103, 104, 105, 106, 109, 110, 111, 112, 113, 114, 115, 116, 117, 121, 122, 123, 124, 125, 126, 127, 128, 129, 130, 131, 134, 135, 136, 137, 138, 139, 140, 142, 143, 144, 147, 149, 163, 164, 167, 168, 169, 170, 171, 176, 178, 179, 180, 181, 182, 187, 189, 190, 194, 195, 196, 197, 199, 201, 203, 204, 207, 208, 209, 210, 212, 213, 215, 216, 217, 218], "excluded_lines": [], "start_line": 18}, "": {"executed_lines": [7, 8, 9, 11, 13, 15, 18, 45, 46, 47, 49, 64, 67, 70, 88], "summary": {"covered_lines": 15, "num_statements": 15, "percent_covered": 100.0, "percent_covered_display": "100", "missing_lines": 0, "excluded_lines": 0, "percent_statements_covered": 100.0, "percent_statements_covered_display": "100"}, "missing_lines": [], "excluded_lines": [], "start_line": 1}}}}, "totals": {"covered_lines": 1896, "num_statements": 4687, "percent_covered": 40.45231491359078, "percent_covered_display": "40", "missing_lines": 2791, "excluded_lines": 1, "percent_statements_covered": 40.45231491359078, "percent_statements_covered_display": "40"}}