{"meta": {"format": 3, "version": "7.14.1", "timestamp": "2026-06-17T16:49:55.862830", "branch_coverage": false, "show_contexts": false}, "files": {"paravis/__init__.py": {"executed_lines": [16, 19, 21, 22, 23], "summary": {"covered_lines": 5, "num_statements": 6, "percent_covered": 83.33333333333333, "percent_covered_display": "83", "missing_lines": 1, "excluded_lines": 0, "percent_statements_covered": 83.33333333333333, "percent_statements_covered_display": "83"}, "missing_lines": [24], "excluded_lines": [], "functions": {"__getattr__": {"executed_lines": [21, 22, 23], "summary": {"covered_lines": 3, "num_statements": 4, "percent_covered": 75.0, "percent_covered_display": "75", "missing_lines": 1, "excluded_lines": 0, "percent_statements_covered": 75.0, "percent_statements_covered_display": "75"}, "missing_lines": [24], "excluded_lines": [], "start_line": 19}, "": {"executed_lines": [16, 19], "summary": {"covered_lines": 2, "num_statements": 2, "percent_covered": 100.0, "percent_covered_display": "100", "missing_lines": 0, "excluded_lines": 0, "percent_statements_covered": 100.0, "percent_statements_covered_display": "100"}, "missing_lines": [], "excluded_lines": [], "start_line": 1}}, "classes": {"": {"executed_lines": [16, 19, 21, 22, 23], "summary": {"covered_lines": 5, "num_statements": 6, "percent_covered": 83.33333333333333, "percent_covered_display": "83", "missing_lines": 1, "excluded_lines": 0, "percent_statements_covered": 83.33333333333333, "percent_statements_covered_display": "83"}, "missing_lines": [24], "excluded_lines": [], "start_line": 1}}}, "paravis/__version__.py": {"executed_lines": [3, 4], "summary": {"covered_lines": 2, "num_statements": 2, "percent_covered": 100.0, "percent_covered_display": "100", "missing_lines": 0, "excluded_lines": 0, "percent_statements_covered": 100.0, "percent_statements_covered_display": "100"}, "missing_lines": [], "excluded_lines": [], "functions": {"": {"executed_lines": [3, 4], "summary": {"covered_lines": 2, "num_statements": 2, "percent_covered": 100.0, "percent_covered_display": "100", "missing_lines": 0, "excluded_lines": 0, "percent_statements_covered": 100.0, "percent_statements_covered_display": "100"}, "missing_lines": [], "excluded_lines": [], "start_line": 1}}, "classes": {"": {"executed_lines": [3, 4], "summary": {"covered_lines": 2, "num_statements": 2, "percent_covered": 100.0, "percent_covered_display": "100", "missing_lines": 0, "excluded_lines": 0, "percent_statements_covered": 100.0, "percent_statements_covered_display": "100"}, "missing_lines": [], "excluded_lines": [], "start_line": 1}}}, "paravis/api/__init__.py": {"executed_lines": [8, 9, 10, 12], "summary": {"covered_lines": 4, "num_statements": 4, "percent_covered": 100.0, "percent_covered_display": "100", "missing_lines": 0, "excluded_lines": 0, "percent_statements_covered": 100.0, "percent_statements_covered_display": "100"}, "missing_lines": [], "excluded_lines": [], "functions": {"": {"executed_lines": [8, 9, 10, 12], "summary": {"covered_lines": 4, "num_statements": 4, "percent_covered": 100.0, "percent_covered_display": "100", "missing_lines": 0, "excluded_lines": 0, "percent_statements_covered": 100.0, "percent_statements_covered_display": "100"}, "missing_lines": [], "excluded_lines": [], "start_line": 1}}, "classes": {"": {"executed_lines": [8, 9, 10, 12], "summary": {"covered_lines": 4, "num_statements": 4, "percent_covered": 100.0, "percent_covered_display": "100", "missing_lines": 0, "excluded_lines": 0, "percent_statements_covered": 100.0, "percent_statements_covered_display": "100"}, "missing_lines": [], "excluded_lines": [], "start_line": 1}}}, "paravis/api/indices.py": {"executed_lines": [6, 8, 10, 11, 20, 27, 30, 58, 62, 65, 69, 70, 71, 72, 78, 79, 82, 109, 110, 112, 113, 114, 116], "summary": {"covered_lines": 23, "num_statements": 25, "percent_covered": 92.0, "percent_covered_display": "92", "missing_lines": 2, "excluded_lines": 0, "percent_statements_covered": 92.0, "percent_statements_covered_display": "92"}, "missing_lines": [59, 66], "excluded_lines": [], "functions": {"list_available_indices": {"executed_lines": [27], "summary": {"covered_lines": 1, "num_statements": 1, "percent_covered": 100.0, "percent_covered_display": "100", "missing_lines": 0, "excluded_lines": 0, "percent_statements_covered": 100.0, "percent_statements_covered_display": "100"}, "missing_lines": [], "excluded_lines": [], "start_line": 20}, "compute_indices": {"executed_lines": [58, 62, 65, 69, 70, 71, 72, 78, 79], "summary": {"covered_lines": 9, "num_statements": 11, "percent_covered": 81.81818181818181, "percent_covered_display": "82", "missing_lines": 2, "excluded_lines": 0, "percent_statements_covered": 81.81818181818181, "percent_statements_covered_display": "82"}, "missing_lines": [59, 66], "excluded_lines": [], "start_line": 30}, "compute_index": {"executed_lines": [109, 110, 112, 113, 114, 116], "summary": {"covered_lines": 6, "num_statements": 6, "percent_covered": 100.0, "percent_covered_display": "100", "missing_lines": 0, "excluded_lines": 0, "percent_statements_covered": 100.0, "percent_statements_covered_display": "100"}, "missing_lines": [], "excluded_lines": [], "start_line": 82}, "": {"executed_lines": [6, 8, 10, 11, 20, 30, 82], "summary": {"covered_lines": 7, "num_statements": 7, "percent_covered": 100.0, "percent_covered_display": "100", "missing_lines": 0, "excluded_lines": 0, "percent_statements_covered": 100.0, "percent_statements_covered_display": "100"}, "missing_lines": [], "excluded_lines": [], "start_line": 1}}, "classes": {"": {"executed_lines": [6, 8, 10, 11, 20, 27, 30, 58, 62, 65, 69, 70, 71, 72, 78, 79, 82, 109, 110, 112, 113, 114, 116], "summary": {"covered_lines": 23, "num_statements": 25, "percent_covered": 92.0, "percent_covered_display": "92", "missing_lines": 2, "excluded_lines": 0, "percent_statements_covered": 92.0, "percent_statements_covered_display": "92"}, "missing_lines": [59, 66], "excluded_lines": [], "start_line": 1}}}, "paravis/api/raoq.py": {"executed_lines": [13, 15, 17, 18, 23, 26, 76, 87, 88, 89, 92, 93, 94, 96, 97, 98, 99, 100, 101, 103, 105], "summary": {"covered_lines": 21, "num_statements": 21, "percent_covered": 100.0, "percent_covered_display": "100", "missing_lines": 0, "excluded_lines": 0, "percent_statements_covered": 100.0, "percent_statements_covered_display": "100"}, "missing_lines": [], "excluded_lines": [], "functions": {"compute_rao_q": {"executed_lines": [76, 87, 88, 89, 92, 93, 94, 96, 97, 98, 99, 100, 101, 103, 105], "summary": {"covered_lines": 15, "num_statements": 15, "percent_covered": 100.0, "percent_covered_display": "100", "missing_lines": 0, "excluded_lines": 0, "percent_statements_covered": 100.0, "percent_statements_covered_display": "100"}, "missing_lines": [], "excluded_lines": [], "start_line": 26}, "": {"executed_lines": [13, 15, 17, 18, 23, 26], "summary": {"covered_lines": 6, "num_statements": 6, "percent_covered": 100.0, "percent_covered_display": "100", "missing_lines": 0, "excluded_lines": 0, "percent_statements_covered": 100.0, "percent_statements_covered_display": "100"}, "missing_lines": [], "excluded_lines": [], "start_line": 1}}, "classes": {"": {"executed_lines": [13, 15, 17, 18, 23, 26, 76, 87, 88, 89, 92, 93, 94, 96, 97, 98, 99, 100, 101, 103, 105], "summary": {"covered_lines": 21, "num_statements": 21, "percent_covered": 100.0, "percent_covered_display": "100", "missing_lines": 0, "excluded_lines": 0, "percent_statements_covered": 100.0, "percent_statements_covered_display": "100"}, "missing_lines": [], "excluded_lines": [], "start_line": 1}}}, "paravis/api/visualization.py": {"executed_lines": [6, 7, 9, 12, 37, 39, 40, 41, 43, 44, 45, 46, 47, 48, 49, 50, 51, 54, 76, 78, 79, 80, 82, 83, 84, 86, 87, 88, 89, 90, 91, 92, 94, 95], "summary": {"covered_lines": 34, "num_statements": 34, "percent_covered": 100.0, "percent_covered_display": "100", "missing_lines": 0, "excluded_lines": 0, "percent_statements_covered": 100.0, "percent_statements_covered_display": "100"}, "missing_lines": [], "excluded_lines": [], "functions": {"plot_raster": {"executed_lines": [37, 39, 40, 41, 43, 44, 45, 46, 47, 48, 49, 50, 51], "summary": {"covered_lines": 13, "num_statements": 13, "percent_covered": 100.0, "percent_covered_display": "100", "missing_lines": 0, "excluded_lines": 0, "percent_statements_covered": 100.0, "percent_statements_covered_display": "100"}, "missing_lines": [], "excluded_lines": [], "start_line": 12}, "plot_comparison": {"executed_lines": [76, 78, 79, 80, 82, 83, 84, 86, 87, 88, 89, 90, 91, 92, 94, 95], "summary": {"covered_lines": 16, "num_statements": 16, "percent_covered": 100.0, "percent_covered_display": "100", "missing_lines": 0, "excluded_lines": 0, "percent_statements_covered": 100.0, "percent_statements_covered_display": "100"}, "missing_lines": [], "excluded_lines": [], "start_line": 54}, "": {"executed_lines": [6, 7, 9, 12, 54], "summary": {"covered_lines": 5, "num_statements": 5, "percent_covered": 100.0, "percent_covered_display": "100", "missing_lines": 0, "excluded_lines": 0, "percent_statements_covered": 100.0, "percent_statements_covered_display": "100"}, "missing_lines": [], "excluded_lines": [], "start_line": 1}}, "classes": {"": {"executed_lines": [6, 7, 9, 12, 37, 39, 40, 41, 43, 44, 45, 46, 47, 48, 49, 50, 51, 54, 76, 78, 79, 80, 82, 83, 84, 86, 87, 88, 89, 90, 91, 92, 94, 95], "summary": {"covered_lines": 34, "num_statements": 34, "percent_covered": 100.0, "percent_covered_display": "100", "missing_lines": 0, "excluded_lines": 0, "percent_statements_covered": 100.0, "percent_statements_covered_display": "100"}, "missing_lines": [], "excluded_lines": [], "start_line": 1}}}, "paravis/core/__init__.py": {"executed_lines": [], "summary": {"covered_lines": 0, "num_statements": 0, "percent_covered": 100.0, "percent_covered_display": "100", "missing_lines": 0, "excluded_lines": 0, "percent_statements_covered": 100.0, "percent_statements_covered_display": "100"}, "missing_lines": [], "excluded_lines": [], "functions": {"": {"executed_lines": [], "summary": {"covered_lines": 0, "num_statements": 0, "percent_covered": 100.0, "percent_covered_display": "100", "missing_lines": 0, "excluded_lines": 0, "percent_statements_covered": 100.0, "percent_statements_covered_display": "100"}, "missing_lines": [], "excluded_lines": [], "start_line": 1}}, "classes": {"": {"executed_lines": [], "summary": {"covered_lines": 0, "num_statements": 0, "percent_covered": 100.0, "percent_covered_display": "100", "missing_lines": 0, "excluded_lines": 0, "percent_statements_covered": 100.0, "percent_statements_covered_display": "100"}, "missing_lines": [], "excluded_lines": [], "start_line": 1}}}, "paravis/core/indices/__init__.py": {"executed_lines": [3, 11, 12, 13, 15], "summary": {"covered_lines": 5, "num_statements": 5, "percent_covered": 100.0, "percent_covered_display": "100", "missing_lines": 0, "excluded_lines": 0, "percent_statements_covered": 100.0, "percent_statements_covered_display": "100"}, "missing_lines": [], "excluded_lines": [], "functions": {"": {"executed_lines": [3, 11, 12, 13, 15], "summary": {"covered_lines": 5, "num_statements": 5, "percent_covered": 100.0, "percent_covered_display": "100", "missing_lines": 0, "excluded_lines": 0, "percent_statements_covered": 100.0, "percent_statements_covered_display": "100"}, "missing_lines": [], "excluded_lines": [], "start_line": 1}}, "classes": {"": {"executed_lines": [3, 11, 12, 13, 15], "summary": {"covered_lines": 5, "num_statements": 5, "percent_covered": 100.0, "percent_covered_display": "100", "missing_lines": 0, "excluded_lines": 0, "percent_statements_covered": 100.0, "percent_statements_covered_display": "100"}, "missing_lines": [], "excluded_lines": [], "start_line": 1}}}, "paravis/core/indices/constants.py": {"executed_lines": [6, 8, 11, 19, 20, 21, 22, 23, 24, 25, 28, 46, 47, 48, 49, 50, 51, 52], "summary": {"covered_lines": 18, "num_statements": 18, "percent_covered": 100.0, "percent_covered_display": "100", "missing_lines": 0, "excluded_lines": 0, "percent_statements_covered": 100.0, "percent_statements_covered_display": "100"}, "missing_lines": [], "excluded_lines": [], "functions": {"get_default_constants": {"executed_lines": [19, 20, 21, 22, 23, 24, 25], "summary": {"covered_lines": 7, "num_statements": 7, "percent_covered": 100.0, "percent_covered_display": "100", "missing_lines": 0, "excluded_lines": 0, "percent_statements_covered": 100.0, "percent_statements_covered_display": "100"}, "missing_lines": [], "excluded_lines": [], "start_line": 11}, "merge_constants": {"executed_lines": [46, 47, 48, 49, 50, 51, 52], "summary": {"covered_lines": 7, "num_statements": 7, "percent_covered": 100.0, "percent_covered_display": "100", "missing_lines": 0, "excluded_lines": 0, "percent_statements_covered": 100.0, "percent_statements_covered_display": "100"}, "missing_lines": [], "excluded_lines": [], "start_line": 28}, "": {"executed_lines": [6, 8, 11, 28], "summary": {"covered_lines": 4, "num_statements": 4, "percent_covered": 100.0, "percent_covered_display": "100", "missing_lines": 0, "excluded_lines": 0, "percent_statements_covered": 100.0, "percent_statements_covered_display": "100"}, "missing_lines": [], "excluded_lines": [], "start_line": 1}}, "classes": {"": {"executed_lines": [6, 8, 11, 19, 20, 21, 22, 23, 24, 25, 28, 46, 47, 48, 49, 50, 51, 52], "summary": {"covered_lines": 18, "num_statements": 18, "percent_covered": 100.0, "percent_covered_display": "100", "missing_lines": 0, "excluded_lines": 0, "percent_statements_covered": 100.0, "percent_statements_covered_display": "100"}, "missing_lines": [], "excluded_lines": [], "start_line": 1}}}, "paravis/core/indices/engine.py": {"executed_lines": [6, 8, 9, 11, 18, 25, 26, 27, 28, 29, 30, 31, 32, 42, 45, 47, 50, 70, 71, 73, 74, 75, 76, 79, 80, 81, 86, 96, 103, 127, 130, 132, 133, 134, 138, 142, 143, 145, 146, 148, 149, 150, 151, 152, 155, 183, 186, 187, 188, 191, 192, 193, 194, 196, 201, 202, 203, 204, 206, 207, 208, 210, 211, 212, 213, 216, 217, 218, 220, 221, 222, 223, 232, 268, 269, 270, 273, 274, 275, 276, 278, 279, 286, 287, 289, 290, 291, 292, 295, 300, 302, 303, 304, 309, 310, 311, 312, 317, 318, 319, 321, 326, 328, 330, 332], "summary": {"covered_lines": 105, "num_statements": 112, "percent_covered": 93.75, "percent_covered_display": "94", "missing_lines": 7, "excluded_lines": 0, "percent_statements_covered": 93.75, "percent_statements_covered_display": "94"}, "missing_lines": [87, 88, 89, 91, 92, 93, 94], "excluded_lines": [], "functions": {"get_available_indices": {"executed_lines": [25, 26, 27, 28, 29, 30, 31, 32, 42], "summary": {"covered_lines": 9, "num_statements": 9, "percent_covered": 100.0, "percent_covered_display": "100", "missing_lines": 0, "excluded_lines": 0, "percent_statements_covered": 100.0, "percent_statements_covered_display": "100"}, "missing_lines": [], "excluded_lines": [], "start_line": 18}, "get_default_band_mapping": {"executed_lines": [47], "summary": {"covered_lines": 1, "num_statements": 1, "percent_covered": 100.0, "percent_covered_display": "100", "missing_lines": 0, "excluded_lines": 0, "percent_statements_covered": 100.0, "percent_statements_covered_display": "100"}, "missing_lines": [], "excluded_lines": [], "start_line": 45}, "is_index_computable": {"executed_lines": [70, 71, 73, 74, 75, 76, 79, 80, 81, 86, 96], "summary": {"covered_lines": 11, "num_statements": 18, "percent_covered": 61.111111111111114, "percent_covered_display": "61", "missing_lines": 7, "excluded_lines": 0, "percent_statements_covered": 61.111111111111114, "percent_statements_covered_display": "61"}, "missing_lines": [87, 88, 89, 91, 92, 93, 94], "excluded_lines": [], "start_line": 50}, "compute_index": {"executed_lines": [127, 130, 132, 133, 134, 138, 142, 143, 145, 146, 148, 149, 150, 151, 152], "summary": {"covered_lines": 15, "num_statements": 15, "percent_covered": 100.0, "percent_covered_display": "100", "missing_lines": 0, "excluded_lines": 0, "percent_statements_covered": 100.0, "percent_statements_covered_display": "100"}, "missing_lines": [], "excluded_lines": [], "start_line": 103}, "compute_indices": {"executed_lines": [183, 186, 187, 188, 191, 192, 193, 194, 196, 201, 202, 203, 204, 206, 207, 208, 210, 211, 212, 213, 216, 217, 218, 220, 221, 222, 223], "summary": {"covered_lines": 27, "num_statements": 27, "percent_covered": 100.0, "percent_covered_display": "100", "missing_lines": 0, "excluded_lines": 0, "percent_statements_covered": 100.0, "percent_statements_covered_display": "100"}, "missing_lines": [], "excluded_lines": [], "start_line": 155}, "compute_indices_dask": {"executed_lines": [268, 269, 270, 273, 274, 275, 276, 278, 279, 286, 287, 289, 290, 291, 292, 295, 300, 302, 303, 304, 309, 310, 311, 312, 317, 318, 319, 321, 326, 328, 330, 332], "summary": {"covered_lines": 32, "num_statements": 32, "percent_covered": 100.0, "percent_covered_display": "100", "missing_lines": 0, "excluded_lines": 0, "percent_statements_covered": 100.0, "percent_statements_covered_display": "100"}, "missing_lines": [], "excluded_lines": [], "start_line": 232}, "": {"executed_lines": [6, 8, 9, 11, 18, 45, 50, 103, 155, 232], "summary": {"covered_lines": 10, "num_statements": 10, "percent_covered": 100.0, "percent_covered_display": "100", "missing_lines": 0, "excluded_lines": 0, "percent_statements_covered": 100.0, "percent_statements_covered_display": "100"}, "missing_lines": [], "excluded_lines": [], "start_line": 1}}, "classes": {"": {"executed_lines": [6, 8, 9, 11, 18, 25, 26, 27, 28, 29, 30, 31, 32, 42, 45, 47, 50, 70, 71, 73, 74, 75, 76, 79, 80, 81, 86, 96, 103, 127, 130, 132, 133, 134, 138, 142, 143, 145, 146, 148, 149, 150, 151, 152, 155, 183, 186, 187, 188, 191, 192, 193, 194, 196, 201, 202, 203, 204, 206, 207, 208, 210, 211, 212, 213, 216, 217, 218, 220, 221, 222, 223, 232, 268, 269, 270, 273, 274, 275, 276, 278, 279, 286, 287, 289, 290, 291, 292, 295, 300, 302, 303, 304, 309, 310, 311, 312, 317, 318, 319, 321, 326, 328, 330, 332], "summary": {"covered_lines": 105, "num_statements": 112, "percent_covered": 93.75, "percent_covered_display": "94", "missing_lines": 7, "excluded_lines": 0, "percent_statements_covered": 93.75, "percent_statements_covered_display": "94"}, "missing_lines": [87, 88, 89, 91, 92, 93, 94], "excluded_lines": [], "start_line": 1}}}, "paravis/core/indices/models.py": {"executed_lines": [4, 5, 8, 9, 11, 12, 13, 14, 15, 16, 17, 18, 21, 22, 24, 25, 27, 28, 29, 34, 35, 36, 42, 43, 44, 49, 50, 52, 53], "summary": {"covered_lines": 29, "num_statements": 29, "percent_covered": 100.0, "percent_covered_display": "100", "missing_lines": 0, "excluded_lines": 0, "percent_statements_covered": 100.0, "percent_statements_covered_display": "100"}, "missing_lines": [], "excluded_lines": [], "functions": {"BandMapping.landsat_8_9": {"executed_lines": [29], "summary": {"covered_lines": 1, "num_statements": 1, "percent_covered": 100.0, "percent_covered_display": "100", "missing_lines": 0, "excluded_lines": 0, "percent_statements_covered": 100.0, "percent_statements_covered_display": "100"}, "missing_lines": [], "excluded_lines": [], "start_line": 28}, "BandMapping.sentinel2": {"executed_lines": [36], "summary": {"covered_lines": 1, "num_statements": 1, "percent_covered": 100.0, "percent_covered_display": "100", "missing_lines": 0, "excluded_lines": 0, "percent_statements_covered": 100.0, "percent_statements_covered_display": "100"}, "missing_lines": [], "excluded_lines": [], "start_line": 35}, "BandMapping.sentinel1": {"executed_lines": [44], "summary": {"covered_lines": 1, "num_statements": 1, "percent_covered": 100.0, "percent_covered_display": "100", "missing_lines": 0, "excluded_lines": 0, "percent_statements_covered": 100.0, "percent_statements_covered_display": "100"}, "missing_lines": [], "excluded_lines": [], "start_line": 43}, "BandMapping.get_code": {"executed_lines": [50], "summary": {"covered_lines": 1, "num_statements": 1, "percent_covered": 100.0, "percent_covered_display": "100", "missing_lines": 0, "excluded_lines": 0, "percent_statements_covered": 100.0, "percent_statements_covered_display": "100"}, "missing_lines": [], "excluded_lines": [], "start_line": 49}, "BandMapping.to_dict": {"executed_lines": [53], "summary": {"covered_lines": 1, "num_statements": 1, "percent_covered": 100.0, "percent_covered_display": "100", "missing_lines": 0, "excluded_lines": 0, "percent_statements_covered": 100.0, "percent_statements_covered_display": "100"}, "missing_lines": [], "excluded_lines": [], "start_line": 52}, "": {"executed_lines": [4, 5, 8, 9, 11, 12, 13, 14, 15, 16, 17, 18, 21, 22, 24, 25, 27, 28, 34, 35, 42, 43, 49, 52], "summary": {"covered_lines": 24, "num_statements": 24, "percent_covered": 100.0, "percent_covered_display": "100", "missing_lines": 0, "excluded_lines": 0, "percent_statements_covered": 100.0, "percent_statements_covered_display": "100"}, "missing_lines": [], "excluded_lines": [], "start_line": 1}}, "classes": {"SpectralIndex": {"executed_lines": [], "summary": {"covered_lines": 0, "num_statements": 0, "percent_covered": 100.0, "percent_covered_display": "100", "missing_lines": 0, "excluded_lines": 0, "percent_statements_covered": 100.0, "percent_statements_covered_display": "100"}, "missing_lines": [], "excluded_lines": [], "start_line": 9}, "BandMapping": {"executed_lines": [29, 36, 44, 50, 53], "summary": {"covered_lines": 5, "num_statements": 5, "percent_covered": 100.0, "percent_covered_display": "100", "missing_lines": 0, "excluded_lines": 0, "percent_statements_covered": 100.0, "percent_statements_covered_display": "100"}, "missing_lines": [], "excluded_lines": [], "start_line": 22}, "": {"executed_lines": [4, 5, 8, 9, 11, 12, 13, 14, 15, 16, 17, 18, 21, 22, 24, 25, 27, 28, 34, 35, 42, 43, 49, 52], "summary": {"covered_lines": 24, "num_statements": 24, "percent_covered": 100.0, "percent_covered_display": "100", "missing_lines": 0, "excluded_lines": 0, "percent_statements_covered": 100.0, "percent_statements_covered_display": "100"}, "missing_lines": [], "excluded_lines": [], "start_line": 1}}}, "paravis/core/indices/registry.py": {"executed_lines": [11, 13, 16, 19, 35, 36, 41, 42, 45, 47, 50, 68, 69, 71, 72, 73], "summary": {"covered_lines": 16, "num_statements": 16, "percent_covered": 100.0, "percent_covered_display": "100", "missing_lines": 0, "excluded_lines": 0, "percent_statements_covered": 100.0, "percent_statements_covered_display": "100"}, "missing_lines": [], "excluded_lines": [], "functions": {"register_index": {"executed_lines": [35, 42], "summary": {"covered_lines": 2, "num_statements": 2, "percent_covered": 100.0, "percent_covered_display": "100", "missing_lines": 0, "excluded_lines": 0, "percent_statements_covered": 100.0, "percent_statements_covered_display": "100"}, "missing_lines": [], "excluded_lines": [], "start_line": 19}, "register_index.decorator": {"executed_lines": [36, 41], "summary": {"covered_lines": 2, "num_statements": 2, "percent_covered": 100.0, "percent_covered_display": "100", "missing_lines": 0, "excluded_lines": 0, "percent_statements_covered": 100.0, "percent_statements_covered_display": "100"}, "missing_lines": [], "excluded_lines": [], "start_line": 35}, "list_custom_indices": {"executed_lines": [47], "summary": {"covered_lines": 1, "num_statements": 1, "percent_covered": 100.0, "percent_covered_display": "100", "missing_lines": 0, "excluded_lines": 0, "percent_statements_covered": 100.0, "percent_statements_covered_display": "100"}, "missing_lines": [], "excluded_lines": [], "start_line": 45}, "compute_custom_index": {"executed_lines": [68, 69, 71, 72, 73], "summary": {"covered_lines": 5, "num_statements": 5, "percent_covered": 100.0, "percent_covered_display": "100", "missing_lines": 0, "excluded_lines": 0, "percent_statements_covered": 100.0, "percent_statements_covered_display": "100"}, "missing_lines": [], "excluded_lines": [], "start_line": 50}, "": {"executed_lines": [11, 13, 16, 19, 45, 50], "summary": {"covered_lines": 6, "num_statements": 6, "percent_covered": 100.0, "percent_covered_display": "100", "missing_lines": 0, "excluded_lines": 0, "percent_statements_covered": 100.0, "percent_statements_covered_display": "100"}, "missing_lines": [], "excluded_lines": [], "start_line": 1}}, "classes": {"": {"executed_lines": [11, 13, 16, 19, 35, 36, 41, 42, 45, 47, 50, 68, 69, 71, 72, 73], "summary": {"covered_lines": 16, "num_statements": 16, "percent_covered": 100.0, "percent_covered_display": "100", "missing_lines": 0, "excluded_lines": 0, "percent_statements_covered": 100.0, "percent_statements_covered_display": "100"}, "missing_lines": [], "excluded_lines": [], "start_line": 1}}}, "paravis/core/models.py": {"executed_lines": [4, 5, 8, 9, 11, 12, 13, 14, 15, 16, 17, 20, 21, 23, 24, 25, 26], "summary": {"covered_lines": 17, "num_statements": 17, "percent_covered": 100.0, "percent_covered_display": "100", "missing_lines": 0, "excluded_lines": 0, "percent_statements_covered": 100.0, "percent_statements_covered_display": "100"}, "missing_lines": [], "excluded_lines": [], "functions": {"": {"executed_lines": [4, 5, 8, 9, 11, 12, 13, 14, 15, 16, 17, 20, 21, 23, 24, 25, 26], "summary": {"covered_lines": 17, "num_statements": 17, "percent_covered": 100.0, "percent_covered_display": "100", "missing_lines": 0, "excluded_lines": 0, "percent_statements_covered": 100.0, "percent_statements_covered_display": "100"}, "missing_lines": [], "excluded_lines": [], "start_line": 1}}, "classes": {"RasterProfile": {"executed_lines": [], "summary": {"covered_lines": 0, "num_statements": 0, "percent_covered": 100.0, "percent_covered_display": "100", "missing_lines": 0, "excluded_lines": 0, "percent_statements_covered": 100.0, "percent_statements_covered_display": "100"}, "missing_lines": [], "excluded_lines": [], "start_line": 9}, "WindowConfig": {"executed_lines": [], "summary": {"covered_lines": 0, "num_statements": 0, "percent_covered": 100.0, "percent_covered_display": "100", "missing_lines": 0, "excluded_lines": 0, "percent_statements_covered": 100.0, "percent_statements_covered_display": "100"}, "missing_lines": [], "excluded_lines": [], "start_line": 21}, "": {"executed_lines": [4, 5, 8, 9, 11, 12, 13, 14, 15, 16, 17, 20, 21, 23, 24, 25, 26], "summary": {"covered_lines": 17, "num_statements": 17, "percent_covered": 100.0, "percent_covered_display": "100", "missing_lines": 0, "excluded_lines": 0, "percent_statements_covered": 100.0, "percent_statements_covered_display": "100"}, "missing_lines": [], "excluded_lines": [], "start_line": 1}}}, "paravis/core/raoq/__init__.py": {"executed_lines": [3, 4, 6], "summary": {"covered_lines": 3, "num_statements": 3, "percent_covered": 100.0, "percent_covered_display": "100", "missing_lines": 0, "excluded_lines": 0, "percent_statements_covered": 100.0, "percent_statements_covered_display": "100"}, "missing_lines": [], "excluded_lines": [], "functions": {"": {"executed_lines": [3, 4, 6], "summary": {"covered_lines": 3, "num_statements": 3, "percent_covered": 100.0, "percent_covered_display": "100", "missing_lines": 0, "excluded_lines": 0, "percent_statements_covered": 100.0, "percent_statements_covered_display": "100"}, "missing_lines": [], "excluded_lines": [], "start_line": 1}}, "classes": {"": {"executed_lines": [3, 4, 6], "summary": {"covered_lines": 3, "num_statements": 3, "percent_covered": 100.0, "percent_covered_display": "100", "missing_lines": 0, "excluded_lines": 0, "percent_statements_covered": 100.0, "percent_statements_covered_display": "100"}, "missing_lines": [], "excluded_lines": [], "start_line": 1}}}, "paravis/core/raoq/engine.py": {"executed_lines": [23, 24, 25, 27, 28, 30, 41, 44, 60, 85, 88, 89, 91, 92, 93, 94, 95, 96, 97, 98, 99, 101, 102, 103, 104, 105, 106, 107, 109, 110, 111, 112, 113, 115, 122, 155, 156, 157, 160, 161, 163, 164, 166, 167, 171, 172, 174, 182, 183, 184, 186, 193, 227, 228, 229, 231, 232, 235, 238, 239, 242, 243, 246, 249, 255, 256, 257, 258, 259, 260, 261, 264, 265, 266, 267, 269, 272, 305, 306, 308, 309, 310, 311, 313, 314, 318, 319, 321, 322, 323, 326, 332, 333, 336, 342, 343, 344, 347, 348, 353, 355, 356, 358, 361, 370, 371, 372, 373, 374, 375, 377, 378, 381, 382, 384, 385, 386, 387, 388, 391, 397, 398, 401, 407, 408, 409, 412, 413, 418, 420, 423, 452, 453, 455, 456, 457, 458, 463, 468, 470, 471, 476, 477, 478, 479, 480, 481, 482, 483, 485], "summary": {"covered_lines": 150, "num_statements": 152, "percent_covered": 98.6842105263158, "percent_covered_display": "99", "missing_lines": 2, "excluded_lines": 0, "percent_statements_covered": 98.6842105263158, "percent_statements_covered_display": "99"}, "missing_lines": [53, 168], "excluded_lines": [], "functions": {"_init_worker": {"executed_lines": [], "summary": {"covered_lines": 0, "num_statements": 1, "percent_covered": 0.0, "percent_covered_display": "0", "missing_lines": 1, "excluded_lines": 0, "percent_statements_covered": 0.0, "percent_statements_covered_display": "0"}, "missing_lines": [53], "excluded_lines": [], "start_line": 44}, "_compute_pairwise_distances": {"executed_lines": [85, 88, 89, 91, 92, 93, 94, 95, 96, 97, 98, 99, 101, 102, 103, 104, 105, 106, 107, 109, 110, 111, 112, 113, 115], "summary": {"covered_lines": 25, "num_statements": 25, "percent_covered": 100.0, "percent_covered_display": "100", "missing_lines": 0, "excluded_lines": 0, "percent_statements_covered": 100.0, "percent_statements_covered_display": "100"}, "missing_lines": [], "excluded_lines": [], "start_line": 60}, "_build_padded_strip": {"executed_lines": [155, 156, 157, 160, 161, 163, 164, 166, 167, 171, 172, 174, 182, 183, 184, 186], "summary": {"covered_lines": 16, "num_statements": 17, "percent_covered": 94.11764705882354, "percent_covered_display": "94", "missing_lines": 1, "excluded_lines": 0, "percent_statements_covered": 94.11764705882354, "percent_statements_covered_display": "94"}, "missing_lines": [168], "excluded_lines": [], "start_line": 122}, "_compute_rao_q_window": {"executed_lines": [227, 228, 229, 231, 232, 235, 238, 239, 242, 243, 246, 249, 255, 256, 257, 258, 259, 260, 261, 264, 265, 266, 267, 269], "summary": {"covered_lines": 24, "num_statements": 24, "percent_covered": 100.0, "percent_covered_display": "100", "missing_lines": 0, "excluded_lines": 0, "percent_statements_covered": 100.0, "percent_statements_covered_display": "100"}, "missing_lines": [], "excluded_lines": [], "start_line": 193}, "compute_rao_q": {"executed_lines": [305, 306, 308, 309, 310, 311, 313, 314, 318, 319, 321, 322, 323, 326, 332, 333, 336, 342, 343, 344, 347, 348, 353, 355, 356, 358], "summary": {"covered_lines": 26, "num_statements": 26, "percent_covered": 100.0, "percent_covered_display": "100", "missing_lines": 0, "excluded_lines": 0, "percent_statements_covered": 100.0, "percent_statements_covered_display": "100"}, "missing_lines": [], "excluded_lines": [], "start_line": 272}, "_process_chunk": {"executed_lines": [370, 371, 372, 373, 374, 375, 377, 378, 381, 382, 384, 385, 386, 387, 388, 391, 397, 398, 401, 407, 408, 409, 412, 413, 418, 420], "summary": {"covered_lines": 26, "num_statements": 26, "percent_covered": 100.0, "percent_covered_display": "100", "missing_lines": 0, "excluded_lines": 0, "percent_statements_covered": 100.0, "percent_statements_covered_display": "100"}, "missing_lines": [], "excluded_lines": [], "start_line": 361}, "compute_rao_q_parallel": {"executed_lines": [452, 453, 455, 456, 457, 458, 463, 468, 470, 471, 476, 477, 478, 479, 480, 481, 482, 483, 485], "summary": {"covered_lines": 19, "num_statements": 19, "percent_covered": 100.0, "percent_covered_display": "100", "missing_lines": 0, "excluded_lines": 0, "percent_statements_covered": 100.0, "percent_statements_covered_display": "100"}, "missing_lines": [], "excluded_lines": [], "start_line": 423}, "": {"executed_lines": [23, 24, 25, 27, 28, 30, 41, 44, 60, 122, 193, 272, 361, 423], "summary": {"covered_lines": 14, "num_statements": 14, "percent_covered": 100.0, "percent_covered_display": "100", "missing_lines": 0, "excluded_lines": 0, "percent_statements_covered": 100.0, "percent_statements_covered_display": "100"}, "missing_lines": [], "excluded_lines": [], "start_line": 1}}, "classes": {"": {"executed_lines": [23, 24, 25, 27, 28, 30, 41, 44, 60, 85, 88, 89, 91, 92, 93, 94, 95, 96, 97, 98, 99, 101, 102, 103, 104, 105, 106, 107, 109, 110, 111, 112, 113, 115, 122, 155, 156, 157, 160, 161, 163, 164, 166, 167, 171, 172, 174, 182, 183, 184, 186, 193, 227, 228, 229, 231, 232, 235, 238, 239, 242, 243, 246, 249, 255, 256, 257, 258, 259, 260, 261, 264, 265, 266, 267, 269, 272, 305, 306, 308, 309, 310, 311, 313, 314, 318, 319, 321, 322, 323, 326, 332, 333, 336, 342, 343, 344, 347, 348, 353, 355, 356, 358, 361, 370, 371, 372, 373, 374, 375, 377, 378, 381, 382, 384, 385, 386, 387, 388, 391, 397, 398, 401, 407, 408, 409, 412, 413, 418, 420, 423, 452, 453, 455, 456, 457, 458, 463, 468, 470, 471, 476, 477, 478, 479, 480, 481, 482, 483, 485], "summary": {"covered_lines": 150, "num_statements": 152, "percent_covered": 98.6842105263158, "percent_covered_display": "99", "missing_lines": 2, "excluded_lines": 0, "percent_statements_covered": 98.6842105263158, "percent_statements_covered_display": "99"}, "missing_lines": [53, 168], "excluded_lines": [], "start_line": 1}}}, "paravis/core/raoq/gpu.py": {"executed_lines": [6, 7, 9, 11, 17, 18, 19, 21, 22, 370, 371, 374, 376, 379, 387, 388, 404, 414, 440, 441, 444, 445, 446], "summary": {"covered_lines": 23, "num_statements": 145, "percent_covered": 15.862068965517242, "percent_covered_display": "16", "missing_lines": 122, "excluded_lines": 0, "percent_statements_covered": 15.862068965517242, "percent_statements_covered_display": "16"}, "missing_lines": [24, 25, 28, 29, 364, 365, 366, 367, 368, 390, 391, 392, 393, 394, 395, 396, 397, 398, 399, 400, 448, 449, 451, 454, 455, 457, 458, 459, 460, 463, 470, 471, 474, 475, 479, 481, 485, 486, 488, 489, 490, 491, 493, 494, 496, 497, 498, 507, 508, 510, 511, 512, 513, 519, 525, 527, 532, 537, 538, 541, 545, 548, 551, 552, 554, 557, 558, 566, 567, 568, 569, 570, 571, 572, 573, 574, 575, 578, 579, 580, 581, 582, 585, 588, 589, 590, 592, 593, 594, 595, 596, 597, 598, 599, 600, 601, 602, 603, 604, 605, 606, 607, 609, 612, 613, 616, 617, 619, 620, 622, 625, 626, 627, 628, 629, 630, 631, 632, 633, 634, 635, 636], "excluded_lines": [], "functions": {"is_gpu_available": {"executed_lines": [376], "summary": {"covered_lines": 1, "num_statements": 1, "percent_covered": 100.0, "percent_covered_display": "100", "missing_lines": 0, "excluded_lines": 0, "percent_statements_covered": 100.0, "percent_statements_covered_display": "100"}, "missing_lines": [], "excluded_lines": [], "start_line": 374}, "get_gpu_info": {"executed_lines": [387, 388], "summary": {"covered_lines": 2, "num_statements": 13, "percent_covered": 15.384615384615385, "percent_covered_display": "15", "missing_lines": 11, "excluded_lines": 0, "percent_statements_covered": 15.384615384615385, "percent_statements_covered_display": "15"}, "missing_lines": [390, 391, 392, 393, 394, 395, 396, 397, 398, 399, 400], "excluded_lines": [], "start_line": 379}, "compute_rao_q_gpu": {"executed_lines": [440, 441, 444, 445, 446], "summary": {"covered_lines": 5, "num_statements": 107, "percent_covered": 4.672897196261682, "percent_covered_display": "5", "missing_lines": 102, "excluded_lines": 0, "percent_statements_covered": 4.672897196261682, "percent_statements_covered_display": "5"}, "missing_lines": [448, 449, 451, 454, 455, 457, 458, 459, 460, 463, 470, 471, 474, 475, 479, 481, 485, 486, 488, 489, 490, 491, 493, 494, 496, 497, 498, 507, 508, 510, 511, 512, 513, 519, 525, 527, 532, 537, 538, 541, 545, 548, 551, 552, 554, 557, 558, 566, 567, 568, 569, 570, 571, 572, 573, 574, 575, 578, 579, 580, 581, 582, 585, 588, 589, 590, 592, 593, 594, 595, 596, 597, 598, 599, 600, 601, 602, 603, 604, 605, 606, 607, 609, 612, 613, 616, 617, 619, 620, 622, 625, 626, 627, 628, 629, 630, 631, 632, 633, 634, 635, 636], "excluded_lines": [], "start_line": 414}, "": {"executed_lines": [6, 7, 9, 11, 17, 18, 19, 21, 22, 370, 371, 374, 379, 404, 414], "summary": {"covered_lines": 15, "num_statements": 24, "percent_covered": 62.5, "percent_covered_display": "62", "missing_lines": 9, "excluded_lines": 0, "percent_statements_covered": 62.5, "percent_statements_covered_display": "62"}, "missing_lines": [24, 25, 28, 29, 364, 365, 366, 367, 368], "excluded_lines": [], "start_line": 1}}, "classes": {"": {"executed_lines": [6, 7, 9, 11, 17, 18, 19, 21, 22, 370, 371, 374, 376, 379, 387, 388, 404, 414, 440, 441, 444, 445, 446], "summary": {"covered_lines": 23, "num_statements": 145, "percent_covered": 15.862068965517242, "percent_covered_display": "16", "missing_lines": 122, "excluded_lines": 0, "percent_statements_covered": 15.862068965517242, "percent_statements_covered_display": "16"}, "missing_lines": [24, 25, 28, 29, 364, 365, 366, 367, 368, 390, 391, 392, 393, 394, 395, 396, 397, 398, 399, 400, 448, 449, 451, 454, 455, 457, 458, 459, 460, 463, 470, 471, 474, 475, 479, 481, 485, 486, 488, 489, 490, 491, 493, 494, 496, 497, 498, 507, 508, 510, 511, 512, 513, 519, 525, 527, 532, 537, 538, 541, 545, 548, 551, 552, 554, 557, 558, 566, 567, 568, 569, 570, 571, 572, 573, 574, 575, 578, 579, 580, 581, 582, 585, 588, 589, 590, 592, 593, 594, 595, 596, 597, 598, 599, 600, 601, 602, 603, 604, 605, 606, 607, 609, 612, 613, 616, 617, 619, 620, 622, 625, 626, 627, 628, 629, 630, 631, 632, 633, 634, 635, 636], "excluded_lines": [], "start_line": 1}}}, "paravis/core/raoq/models.py": {"executed_lines": [4, 5, 7, 10, 11, 13, 14, 15, 16, 17, 18, 19, 20, 21, 22, 23, 24, 27, 28, 30, 31, 32, 33, 34, 35], "summary": {"covered_lines": 25, "num_statements": 25, "percent_covered": 100.0, "percent_covered_display": "100", "missing_lines": 0, "excluded_lines": 0, "percent_statements_covered": 100.0, "percent_statements_covered_display": "100"}, "missing_lines": [], "excluded_lines": [], "functions": {"": {"executed_lines": [4, 5, 7, 10, 11, 13, 14, 15, 16, 17, 18, 19, 20, 21, 22, 23, 24, 27, 28, 30, 31, 32, 33, 34, 35], "summary": {"covered_lines": 25, "num_statements": 25, "percent_covered": 100.0, "percent_covered_display": "100", "missing_lines": 0, "excluded_lines": 0, "percent_statements_covered": 100.0, "percent_statements_covered_display": "100"}, "missing_lines": [], "excluded_lines": [], "start_line": 1}}, "classes": {"RaoQConfig": {"executed_lines": [], "summary": {"covered_lines": 0, "num_statements": 0, "percent_covered": 100.0, "percent_covered_display": "100", "missing_lines": 0, "excluded_lines": 0, "percent_statements_covered": 100.0, "percent_statements_covered_display": "100"}, "missing_lines": [], "excluded_lines": [], "start_line": 11}, "RaoQResult": {"executed_lines": [], "summary": {"covered_lines": 0, "num_statements": 0, "percent_covered": 100.0, "percent_covered_display": "100", "missing_lines": 0, "excluded_lines": 0, "percent_statements_covered": 100.0, "percent_statements_covered_display": "100"}, "missing_lines": [], "excluded_lines": [], "start_line": 28}, "": {"executed_lines": [4, 5, 7, 10, 11, 13, 14, 15, 16, 17, 18, 19, 20, 21, 22, 23, 24, 27, 28, 30, 31, 32, 33, 34, 35], "summary": {"covered_lines": 25, "num_statements": 25, "percent_covered": 100.0, "percent_covered_display": "100", "missing_lines": 0, "excluded_lines": 0, "percent_statements_covered": 100.0, "percent_statements_covered_display": "100"}, "missing_lines": [], "excluded_lines": [], "start_line": 1}}}, "paravis/core/raster/__init__.py": {"executed_lines": [3, 4, 5, 7], "summary": {"covered_lines": 4, "num_statements": 4, "percent_covered": 100.0, "percent_covered_display": "100", "missing_lines": 0, "excluded_lines": 0, "percent_statements_covered": 100.0, "percent_statements_covered_display": "100"}, "missing_lines": [], "excluded_lines": [], "functions": {"": {"executed_lines": [3, 4, 5, 7], "summary": {"covered_lines": 4, "num_statements": 4, "percent_covered": 100.0, "percent_covered_display": "100", "missing_lines": 0, "excluded_lines": 0, "percent_statements_covered": 100.0, "percent_statements_covered_display": "100"}, "missing_lines": [], "excluded_lines": [], "start_line": 1}}, "classes": {"": {"executed_lines": [3, 4, 5, 7], "summary": {"covered_lines": 4, "num_statements": 4, "percent_covered": 100.0, "percent_covered_display": "100", "missing_lines": 0, "excluded_lines": 0, "percent_statements_covered": 100.0, "percent_statements_covered_display": "100"}, "missing_lines": [], "excluded_lines": [], "start_line": 1}}}, "paravis/core/raster/reader.py": {"executed_lines": [6, 8, 9, 12, 38, 39, 40, 41, 43, 44, 45, 46, 47, 49, 51, 54, 55, 56, 59, 61, 62, 64, 67, 80, 81, 84, 86, 87, 89, 90, 92, 95, 110, 111, 113, 114, 116, 117, 120, 121, 126], "summary": {"covered_lines": 41, "num_statements": 42, "percent_covered": 97.61904761904762, "percent_covered_display": "98", "missing_lines": 1, "excluded_lines": 0, "percent_statements_covered": 97.61904761904762, "percent_statements_covered_display": "98"}, "missing_lines": [118], "excluded_lines": [], "functions": {"read_raster": {"executed_lines": [38, 39, 40, 41, 43, 44, 45, 46, 47, 49, 51, 54, 55, 56, 59, 61, 62, 64], "summary": {"covered_lines": 18, "num_statements": 18, "percent_covered": 100.0, "percent_covered_display": "100", "missing_lines": 0, "excluded_lines": 0, "percent_statements_covered": 100.0, "percent_statements_covered_display": "100"}, "missing_lines": [], "excluded_lines": [], "start_line": 12}, "normalize_data": {"executed_lines": [80, 81, 84, 86, 87, 89, 90, 92], "summary": {"covered_lines": 8, "num_statements": 8, "percent_covered": 100.0, "percent_covered_display": "100", "missing_lines": 0, "excluded_lines": 0, "percent_statements_covered": 100.0, "percent_statements_covered_display": "100"}, "missing_lines": [], "excluded_lines": [], "start_line": 67}, "downsample_data": {"executed_lines": [110, 111, 113, 114, 116, 117, 120, 121, 126], "summary": {"covered_lines": 9, "num_statements": 10, "percent_covered": 90.0, "percent_covered_display": "90", "missing_lines": 1, "excluded_lines": 0, "percent_statements_covered": 90.0, "percent_statements_covered_display": "90"}, "missing_lines": [118], "excluded_lines": [], "start_line": 95}, "": {"executed_lines": [6, 8, 9, 12, 67, 95], "summary": {"covered_lines": 6, "num_statements": 6, "percent_covered": 100.0, "percent_covered_display": "100", "missing_lines": 0, "excluded_lines": 0, "percent_statements_covered": 100.0, "percent_statements_covered_display": "100"}, "missing_lines": [], "excluded_lines": [], "start_line": 1}}, "classes": {"": {"executed_lines": [6, 8, 9, 12, 38, 39, 40, 41, 43, 44, 45, 46, 47, 49, 51, 54, 55, 56, 59, 61, 62, 64, 67, 80, 81, 84, 86, 87, 89, 90, 92, 95, 110, 111, 113, 114, 116, 117, 120, 121, 126], "summary": {"covered_lines": 41, "num_statements": 42, "percent_covered": 97.61904761904762, "percent_covered_display": "98", "missing_lines": 1, "excluded_lines": 0, "percent_statements_covered": 97.61904761904762, "percent_statements_covered_display": "98"}, "missing_lines": [118], "excluded_lines": [], "start_line": 1}}}, "paravis/core/raster/utils.py": {"executed_lines": [4, 7, 20, 21, 22, 23, 24, 25, 28, 49, 50, 52, 53, 54, 55, 56], "summary": {"covered_lines": 16, "num_statements": 16, "percent_covered": 100.0, "percent_covered_display": "100", "missing_lines": 0, "excluded_lines": 0, "percent_statements_covered": 100.0, "percent_statements_covered_display": "100"}, "missing_lines": [], "excluded_lines": [], "functions": {"decimal_degrees_to_dms": {"executed_lines": [20, 21, 22, 23, 24, 25], "summary": {"covered_lines": 6, "num_statements": 6, "percent_covered": 100.0, "percent_covered_display": "100", "missing_lines": 0, "excluded_lines": 0, "percent_statements_covered": 100.0, "percent_statements_covered_display": "100"}, "missing_lines": [], "excluded_lines": [], "start_line": 7}, "get_cmap_with_nan": {"executed_lines": [49, 50, 52, 53, 54, 55, 56], "summary": {"covered_lines": 7, "num_statements": 7, "percent_covered": 100.0, "percent_covered_display": "100", "missing_lines": 0, "excluded_lines": 0, "percent_statements_covered": 100.0, "percent_statements_covered_display": "100"}, "missing_lines": [], "excluded_lines": [], "start_line": 28}, "": {"executed_lines": [4, 7, 28], "summary": {"covered_lines": 3, "num_statements": 3, "percent_covered": 100.0, "percent_covered_display": "100", "missing_lines": 0, "excluded_lines": 0, "percent_statements_covered": 100.0, "percent_statements_covered_display": "100"}, "missing_lines": [], "excluded_lines": [], "start_line": 1}}, "classes": {"": {"executed_lines": [4, 7, 20, 21, 22, 23, 24, 25, 28, 49, 50, 52, 53, 54, 55, 56], "summary": {"covered_lines": 16, "num_statements": 16, "percent_covered": 100.0, "percent_covered_display": "100", "missing_lines": 0, "excluded_lines": 0, "percent_statements_covered": 100.0, "percent_statements_covered_display": "100"}, "missing_lines": [], "excluded_lines": [], "start_line": 1}}}, "paravis/core/raster/writer.py": {"executed_lines": [4, 6, 7, 10, 43, 44, 46, 58, 59, 61], "summary": {"covered_lines": 10, "num_statements": 10, "percent_covered": 100.0, "percent_covered_display": "100", "missing_lines": 0, "excluded_lines": 0, "percent_statements_covered": 100.0, "percent_statements_covered_display": "100"}, "missing_lines": [], "excluded_lines": [], "functions": {"write_geotiff": {"executed_lines": [43, 44, 46, 58, 59, 61], "summary": {"covered_lines": 6, "num_statements": 6, "percent_covered": 100.0, "percent_covered_display": "100", "missing_lines": 0, "excluded_lines": 0, "percent_statements_covered": 100.0, "percent_statements_covered_display": "100"}, "missing_lines": [], "excluded_lines": [], "start_line": 10}, "": {"executed_lines": [4, 6, 7, 10], "summary": {"covered_lines": 4, "num_statements": 4, "percent_covered": 100.0, "percent_covered_display": "100", "missing_lines": 0, "excluded_lines": 0, "percent_statements_covered": 100.0, "percent_statements_covered_display": "100"}, "missing_lines": [], "excluded_lines": [], "start_line": 1}}, "classes": {"": {"executed_lines": [4, 6, 7, 10, 43, 44, 46, 58, 59, 61], "summary": {"covered_lines": 10, "num_statements": 10, "percent_covered": 100.0, "percent_covered_display": "100", "missing_lines": 0, "excluded_lines": 0, "percent_statements_covered": 100.0, "percent_statements_covered_display": "100"}, "missing_lines": [], "excluded_lines": [], "start_line": 1}}}}, "totals": {"covered_lines": 551, "num_statements": 686, "percent_covered": 80.32069970845481, "percent_covered_display": "80", "missing_lines": 135, "excluded_lines": 0, "percent_statements_covered": 80.32069970845481, "percent_statements_covered_display": "80"}}